<?xml version="1.0" encoding="UTF-8"?>
<!-- Generated by org.testng.reporters.JUnitXMLReporter -->
<testsuite ignored="0" hostname="Manoj" failures="8" tests="15" name="API Tests - Simple Books API" time="11.871" errors="0" timestamp="2026-04-21T11:59:03 IST">
  <testcase classname="io.cucumber.testng.AbstractTestNGCucumberTests" name="runScenario" time="8.189">
    <failure type="java.lang.RuntimeException" message="Failed to get access token. Status: 308 | Body: ">
      <![CDATA[java.lang.RuntimeException: Failed to get access token. Status: 308 | Body: 
at api.utils.ApiUtils.getNewAccessToken(ApiUtils.java:53)
at api.steps.ApiSteps.iHaveAValidApiAccessToken(ApiSteps.java:25)
at ✽.I have a valid API access token(file:///C:/Users/manoj/IdeaProjects/SauceDemo_Framework/src/test/resources/features/api/simple_books_api.feature:62)
]]>
    </failure>
  </testcase> <!-- runScenario -->
  <testcase classname="io.cucumber.testng.AbstractTestNGCucumberTests" name="runScenario" time="8.294">
    <failure type="java.lang.RuntimeException" message="Failed to get access token. Status: 308 | Body: ">
      <![CDATA[java.lang.RuntimeException: Failed to get access token. Status: 308 | Body: 
at api.utils.ApiUtils.getNewAccessToken(ApiUtils.java:53)
at api.steps.ApiSteps.iHaveAValidApiAccessToken(ApiSteps.java:25)
at ✽.I have a valid API access token(file:///C:/Users/manoj/IdeaProjects/SauceDemo_Framework/src/test/resources/features/api/simple_books_api.feature:55)
]]>
    </failure>
  </testcase> <!-- runScenario -->
  <testcase classname="io.cucumber.testng.AbstractTestNGCucumberTests" name="runScenario" time="8.549">
    <failure type="java.lang.AssertionError" message="Expected status 201 but got 308. Body:  expected [201] but found [308]">
      <![CDATA[java.lang.AssertionError: Expected status 201 but got 308. Body:  expected [201] but found [308]
at api.steps.ApiSteps.theResponseStatusCodeShouldBe(ApiSteps.java:147)
at ✽.the response status code should be 201(file:///C:/Users/manoj/IdeaProjects/SauceDemo_Framework/src/test/resources/features/api/simple_books_api.feature:50)
... Removed 6 stack frames]]>
    </failure>
  </testcase> <!-- runScenario -->
  <testcase classname="io.cucumber.testng.AbstractTestNGCucumberTests" name="runScenario" time="8.638"/>
  <testcase classname="io.cucumber.testng.AbstractTestNGCucumberTests" name="runScenario" time="0.514">
    <failure type="java.lang.RuntimeException" message="Failed to get access token. Status: 308 | Body: ">
      <![CDATA[java.lang.RuntimeException: Failed to get access token. Status: 308 | Body: 
at api.utils.ApiUtils.getNewAccessToken(ApiUtils.java:53)
at api.steps.ApiSteps.iHaveAValidApiAccessToken(ApiSteps.java:25)
at ✽.I have a valid API access token(file:///C:/Users/manoj/IdeaProjects/SauceDemo_Framework/src/test/resources/features/api/simple_books_api.feature:70)
]]>
    </failure>
  </testcase> <!-- runScenario -->
  <testcase classname="io.cucumber.testng.AbstractTestNGCucumberTests" name="runScenario" time="0.73">
    <failure type="java.lang.RuntimeException" message="Failed to get access token. Status: 308 | Body: ">
      <![CDATA[java.lang.RuntimeException: Failed to get access token. Status: 308 | Body: 
at api.utils.ApiUtils.getNewAccessToken(ApiUtils.java:53)
at api.steps.ApiSteps.iHaveAValidApiAccessToken(ApiSteps.java:25)
at ✽.I have a valid API access token(file:///C:/Users/manoj/IdeaProjects/SauceDemo_Framework/src/test/resources/features/api/simple_books_api.feature:85)
]]>
    </failure>
  </testcase> <!-- runScenario -->
  <testcase classname="io.cucumber.testng.AbstractTestNGCucumberTests" name="runScenario" time="0.766">
    <failure type="java.lang.RuntimeException" message="Failed to get access token. Status: 308 | Body: ">
      <![CDATA[java.lang.RuntimeException: Failed to get access token. Status: 308 | Body: 
at api.utils.ApiUtils.getNewAccessToken(ApiUtils.java:53)
at api.steps.ApiSteps.iHaveAValidApiAccessToken(ApiSteps.java:25)
at ✽.I have a valid API access token(file:///C:/Users/manoj/IdeaProjects/SauceDemo_Framework/src/test/resources/features/api/simple_books_api.feature:98)
]]>
    </failure>
  </testcase> <!-- runScenario -->
  <testcase classname="io.cucumber.testng.AbstractTestNGCucumberTests" name="runScenario" time="9.668"/>
  <testcase classname="io.cucumber.testng.AbstractTestNGCucumberTests" name="runScenario" time="1.063">
    <failure type="java.lang.AssertionError" message="Expected status 401 but got 308. Body:  expected [401] but found [308]">
      <![CDATA[java.lang.AssertionError: Expected status 401 but got 308. Body:  expected [401] but found [308]
at api.steps.ApiSteps.theResponseStatusCodeShouldBe(ApiSteps.java:147)
at ✽.the response status code should be 401(file:///C:/Users/manoj/IdeaProjects/SauceDemo_Framework/src/test/resources/features/api/simple_books_api.feature:94)
... Removed 6 stack frames]]>
    </failure>
  </testcase> <!-- runScenario -->
  <testcase classname="io.cucumber.testng.AbstractTestNGCucumberTests" name="runScenario" time="1.385">
    <failure type="java.lang.RuntimeException" message="Failed to get access token. Status: 308 | Body: ">
      <![CDATA[java.lang.RuntimeException: Failed to get access token. Status: 308 | Body: 
at api.utils.ApiUtils.getNewAccessToken(ApiUtils.java:53)
at api.steps.ApiSteps.iHaveAValidApiAccessToken(ApiSteps.java:25)
at ✽.I have a valid API access token(file:///C:/Users/manoj/IdeaProjects/SauceDemo_Framework/src/test/resources/features/api/simple_books_api.feature:78)
]]>
    </failure>
  </testcase> <!-- runScenario -->
  <testcase classname="io.cucumber.testng.AbstractTestNGCucumberTests" name="runScenario" time="9.775"/>
  <testcase classname="io.cucumber.testng.AbstractTestNGCucumberTests" name="runScenario" time="9.765"/>
  <testcase classname="io.cucumber.testng.AbstractTestNGCucumberTests" name="runScenario" time="9.815"/>
  <testcase classname="io.cucumber.testng.AbstractTestNGCucumberTests" name="runScenario" time="11.662"/>
  <testcase classname="io.cucumber.testng.AbstractTestNGCucumberTests" name="runScenario" time="11.694"/>
</testsuite> <!-- API Tests - Simple Books API -->
