<?xml version="1.0" encoding="UTF-8"?>
<testsuite xmlns:xsi="http://www.w3.org/2001/XMLSchema-instance" xsi:noNamespaceSchemaLocation="https://maven.apache.org/surefire/maven-surefire-plugin/xsd/surefire-test-report-3.0.xsd" version="3.0" name="TestSuite" time="332.017" tests="59" errors="0" skipped="0" failures="26">
  <properties>
[...]
</properties>
  <testcase name="runScenario[&quot;Login with invalid password&quot;, &quot;Login Functionality - SauceDemo&quot;](1)" classname="runners.UITestRunner" time="99.73">
    <system-out><![CDATA[
@UI @Order @Regression @CheckoutValidation
Scenario: Checkout with missing postal code                                      # src/test/resources/features/ui/checkout.feature:55

@UI @Order @Smoke @FullOrder
Scenario: Complete a full product order successfully                        # src/test/resources/features/ui/checkout.feature:14

@UI @Order @Regression @CancelOrder
Scenario: Cancel order from checkout overview                               # src/test/resources/features/ui/checkout.feature:64

@UI @Order @Regression @CheckoutValidation
Scenario: Checkout with missing first name                                      # src/test/resources/features/ui/checkout.feature:37

==> [HOOK] Starting Scenario : Cancel order from checkout overview
==> [HOOK] Browser           : chrome

==> [HOOK] Starting Scenario : Checkout with missing first name
==> [HOOK] Browser           : chrome

@UI @Order @Smoke @AddToCart
Scenario: Add one product to cart and verify cart count # src/test/resources/features/ui/checkout.feature:9

@UI @Order @Regression @CheckoutValidation
Scenario: Checkout with missing postal code                                      # src/test/resources/features/ui/checkout.feature:55
==> [HOOK] Thread            : 27
==> [HOOK] Thread            : 32

==> [HOOK] Starting Scenario : Add one product to cart and verify cart count
==> [HOOK] Browser           : chrome
==> [HOOK] Thread            : 21

==> [HOOK] Starting Scenario : Checkout with missing postal code
==> [HOOK] Browser           : chrome
==> [HOOK] Thread            : 30

@UI @Order @Smoke @FullOrder
Scenario: Complete a full product order successfully                        # src/test/resources/features/ui/checkout.feature:14

@UI @Order @Regression @CheckoutValidation
Scenario: Checkout with missing last name                                      # src/test/resources/features/ui/checkout.feature:46

==> [HOOK] Starting Scenario : Complete a full product order successfully
==> [HOOK] Browser           : chrome
==> [HOOK] Thread            : 23

@UI @Login @Regression @InvalidLogin
Scenario: Login with invalid username                                       # src/test/resources/features/ui/login.feature:15

==> [HOOK] Starting Scenario : Checkout with missing last name
==> [HOOK] Browser           : chrome
==> [HOOK] Thread            : 28

@UI @Order @Regression @CheckoutValidation
Scenario: Checkout with missing first name                                      # src/test/resources/features/ui/checkout.feature:37

==> [HOOK] Starting Scenario : Login with invalid username
==> [HOOK] Browser           : chrome
==> [HOOK] Thread            : 38

@UI @Login @Regression @InvalidLogin
Scenario: Login with invalid password                                         # src/test/resources/features/ui/login.feature:22

==> [HOOK] Starting Scenario : Checkout with missing first name
==> [HOOK] Browser           : chrome
==> [HOOK] Thread            : 26

@UI @Login @Regression @InvalidLogin
Scenario: Login with invalid password                                         # src/test/resources/features/ui/login.feature:22

==> [HOOK] Starting Scenario : Login with invalid password
==> [HOOK] Browser           : chrome
==> [HOOK] Thread            : 36

@UI @Order @Smoke @AddToCart
Scenario: Add one product to cart and verify cart count # src/test/resources/features/ui/checkout.feature:9

==> [HOOK] Starting Scenario : Login with invalid password
==> [HOOK] Browser           : chrome
==> [HOOK] Thread            : 39

@UI @Login @Smoke @ValidLogin
Scenario: Successful login with valid credentials                           # src/test/resources/features/ui/login.feature:8

==> [HOOK] Starting Scenario : Successful login with valid credentials
==> [HOOK] Browser           : chrome
==> [HOOK] Thread            : 37

==> [HOOK] Starting Scenario : Add one product to cart and verify cart count
==> [HOOK] Browser           : chrome
==> [HOOK] Thread            : 20

@UI @Login @Smoke @ValidLogin
Scenario: Successful login with valid credentials                           # src/test/resources/features/ui/login.feature:8

==> [HOOK] Starting Scenario : Successful login with valid credentials
==> [HOOK] Browser           : chrome
==> [HOOK] Thread            : 34

@UI @Login @Regression @InvalidLogin
Scenario: Login with invalid username                                       # src/test/resources/features/ui/login.feature:15

==> [HOOK] Starting Scenario : Login with invalid username
==> [HOOK] Browser           : chrome
==> [HOOK] Thread            : 35

@UI @Order @Regression @CartNavigation
Scenario: Navigate to cart and continue shopping   # src/test/resources/features/ui/checkout.feature:29

==> [HOOK] Starting Scenario : Navigate to cart and continue shopping
==> [HOOK] Browser           : chrome
==> [HOOK] Thread            : 24

==> [HOOK] Starting Scenario : Complete a full product order successfully
==> [HOOK] Browser           : chrome
==> [HOOK] Thread            : 22

==> [HOOK] Starting Scenario : Checkout with missing postal code
==> [HOOK] Browser           : chrome
==> [HOOK] Thread            : 31

@UI @Order @Regression @CheckoutValidation
Scenario: Checkout with missing last name                                      # src/test/resources/features/ui/checkout.feature:46

==> [HOOK] Starting Scenario : Checkout with missing last name
==> [HOOK] Browser           : chrome
==> [HOOK] Thread            : 29

@UI @Order @Regression @CartNavigation
Scenario: Navigate to cart and continue shopping   # src/test/resources/features/ui/checkout.feature:29

==> [HOOK] Starting Scenario : Navigate to cart and continue shopping
==> [HOOK] Browser           : chrome
==> [HOOK] Thread            : 25

@UI @Order @Regression @CancelOrder
Scenario: Cancel order from checkout overview                               # src/test/resources/features/ui/checkout.feature:64

==> [HOOK] Starting Scenario : Cancel order from checkout overview
==> [HOOK] Browser           : chrome
==> [HOOK] Thread            : 33
  Given the user is on the SauceDemo login page                             # stepDefinitions.LoginSteps.theUserIsOnTheSauceDemoLoginPage()
  Given the user is on the SauceDemo login page    # stepDefinitions.LoginSteps.theUserIsOnTheSauceDemoLoginPage()
  Given the user is on the SauceDemo login page                             # stepDefinitions.LoginSteps.theUserIsOnTheSauceDemoLoginPage()
  Given the user is on the SauceDemo login page                                  # stepDefinitions.LoginSteps.theUserIsOnTheSauceDemoLoginPage()
  Given the user is on the SauceDemo login page                               # stepDefinitions.LoginSteps.theUserIsOnTheSauceDemoLoginPage()
  Given the user is on the SauceDemo login page         # stepDefinitions.LoginSteps.theUserIsOnTheSauceDemoLoginPage()
  Given the user is on the SauceDemo login page                             # stepDefinitions.LoginSteps.theUserIsOnTheSauceDemoLoginPage()
  Given the user is on the SauceDemo login page                                 # stepDefinitions.LoginSteps.theUserIsOnTheSauceDemoLoginPage()
  Given the user is on the SauceDemo login page                             # stepDefinitions.LoginSteps.theUserIsOnTheSauceDemoLoginPage()
  Given the user is on the SauceDemo login page                             # stepDefinitions.LoginSteps.theUserIsOnTheSauceDemoLoginPage()
  Given the user is on the SauceDemo login page                                # stepDefinitions.LoginSteps.theUserIsOnTheSauceDemoLoginPage()
  Given the user is on the SauceDemo login page                             # stepDefinitions.LoginSteps.theUserIsOnTheSauceDemoLoginPage()
  Given the user is on the SauceDemo login page                               # stepDefinitions.LoginSteps.theUserIsOnTheSauceDemoLoginPage()
  Given the user is on the SauceDemo login page                             # stepDefinitions.LoginSteps.theUserIsOnTheSauceDemoLoginPage()
  Given the user is on the SauceDemo login page                                 # stepDefinitions.LoginSteps.theUserIsOnTheSauceDemoLoginPage()
  Given the user is on the SauceDemo login page         # stepDefinitions.LoginSteps.theUserIsOnTheSauceDemoLoginPage()
  Given the user is on the SauceDemo login page    # stepDefinitions.LoginSteps.theUserIsOnTheSauceDemoLoginPage()
  Given the user is on the SauceDemo login page                                # stepDefinitions.LoginSteps.theUserIsOnTheSauceDemoLoginPage()
  Given the user is on the SauceDemo login page                             # stepDefinitions.LoginSteps.theUserIsOnTheSauceDemoLoginPage()
  Given the user is on the SauceDemo login page                                  # stepDefinitions.LoginSteps.theUserIsOnTheSauceDemoLoginPage()
  When the user enters username "standard_user" and password "wrong_password" # stepDefinitions.LoginSteps.theUserEntersUsernameAndPassword(java.lang.String,java.lang.String)
  And the user clicks the login button                                        # stepDefinitions.LoginSteps.theUserClicksTheLoginButton()
  When the user enters username "invalid_user" and password "secret_sauce"  # stepDefinitions.LoginSteps.theUserEntersUsernameAndPassword(java.lang.String,java.lang.String)
  When the user enters username "invalid_user" and password "secret_sauce"  # stepDefinitions.LoginSteps.theUserEntersUsernameAndPassword(java.lang.String,java.lang.String)
  Then an error message should be displayed                                   # stepDefinitions.LoginSteps.anErrorMessageShouldBeDisplayed()
  When the user enters username "standard_user" and password "wrong_password" # stepDefinitions.LoginSteps.theUserEntersUsernameAndPassword(java.lang.String,java.lang.String)
  When the user enters username "standard_user" and password "secret_sauce" # stepDefinitions.LoginSteps.theUserEntersUsernameAndPassword(java.lang.String,java.lang.String)
  When the user enters username "standard_user" and password "secret_sauce" # stepDefinitions.LoginSteps.theUserEntersUsernameAndPassword(java.lang.String,java.lang.String)
  And the error message should contain "Username and password do not match"   # stepDefinitions.LoginSteps.theErrorMessageShouldContain(java.lang.String)
  And the user clicks the login button                                      # stepDefinitions.LoginSteps.theUserClicksTheLoginButton()
  Then an error message should be displayed                                 # stepDefinitions.LoginSteps.anErrorMessageShouldBeDisplayed()
  And the user clicks the login button                                        # stepDefinitions.LoginSteps.theUserClicksTheLoginButton()
  And the user logs in with valid credentials                                    # stepDefinitions.LoginSteps.theUserLogsInWithValidCredentials()
  And the user clicks the login button                                      # stepDefinitions.LoginSteps.theUserClicksTheLoginButton()
  Then an error message should be displayed                                   # stepDefinitions.LoginSteps.anErrorMessageShouldBeDisplayed()
  And the user clicks the login button                                      # stepDefinitions.LoginSteps.theUserClicksTheLoginButton()
  And the user clicks the login button                                      # stepDefinitions.LoginSteps.theUserClicksTheLoginButton()
  And the user logs in with valid credentials                               # stepDefinitions.LoginSteps.theUserLogsInWithValidCredentials()
  And the error message should contain "Username and password do not match" # stepDefinitions.LoginSteps.theErrorMessageShouldContain(java.lang.String)
  And the user logs in with valid credentials                                  # stepDefinitions.LoginSteps.theUserLogsInWithValidCredentials()
  Then the user should be redirected to the inventory page                  # stepDefinitions.LoginSteps.theUserShouldBeRedirectedToTheInventoryPage()
  Then an error message should be displayed                                 # stepDefinitions.LoginSteps.anErrorMessageShouldBeDisplayed()
  And the user logs in with valid credentials           # stepDefinitions.LoginSteps.theUserLogsInWithValidCredentials()
  And the user logs in with valid credentials      # stepDefinitions.LoginSteps.theUserLogsInWithValidCredentials()
  And the user logs in with valid credentials                               # stepDefinitions.LoginSteps.theUserLogsInWithValidCredentials()
  And the user logs in with valid credentials                                  # stepDefinitions.LoginSteps.theUserLogsInWithValidCredentials()
  And the user logs in with valid credentials                               # stepDefinitions.LoginSteps.theUserLogsInWithValidCredentials()
  And the user logs in with valid credentials                                   # stepDefinitions.LoginSteps.theUserLogsInWithValidCredentials()
  And the user logs in with valid credentials                               # stepDefinitions.LoginSteps.theUserLogsInWithValidCredentials()
  And the user logs in with valid credentials      # stepDefinitions.LoginSteps.theUserLogsInWithValidCredentials()
  And the user logs in with valid credentials                                    # stepDefinitions.LoginSteps.theUserLogsInWithValidCredentials()
  Then the user should be redirected to the inventory page                  # stepDefinitions.LoginSteps.theUserShouldBeRedirectedToTheInventoryPage()
  And the user logs in with valid credentials                                   # stepDefinitions.LoginSteps.theUserLogsInWithValidCredentials()
  And the error message should contain "Username and password do not match"   # stepDefinitions.LoginSteps.theErrorMessageShouldContain(java.lang.String)
  And the page heading should be "Products"                                 # stepDefinitions.LoginSteps.thePageHeadingShouldBe(java.lang.String)
  And the user logs in with valid credentials           # stepDefinitions.LoginSteps.theUserLogsInWithValidCredentials()
  And the error message should contain "Username and password do not match" # stepDefinitions.LoginSteps.theErrorMessageShouldContain(java.lang.String)
  When the user adds the first product to the cart                               # stepDefinitions.CheckoutSteps.theUserAddsTheFirstProductToTheCart()
  And the page heading should be "Products"                                 # stepDefinitions.LoginSteps.thePageHeadingShouldBe(java.lang.String)
  And the user navigates to the cart                                             # stepDefinitions.CheckoutSteps.theUserNavigatesToTheCart()
  When the user adds the first product to the cart                          # stepDefinitions.CheckoutSteps.theUserAddsTheFirstProductToTheCart()
  When the user adds the first product to the cart                             # stepDefinitions.CheckoutSteps.theUserAddsTheFirstProductToTheCart()
  When the user adds the first product to the cart # stepDefinitions.CheckoutSteps.theUserAddsTheFirstProductToTheCart()
  When the user adds the first product to the cart                          # stepDefinitions.CheckoutSteps.theUserAddsTheFirstProductToTheCart()
  When the user adds the first product to the cart      # stepDefinitions.CheckoutSteps.theUserAddsTheFirstProductToTheCart()
  When the user adds the first product to the cart                             # stepDefinitions.CheckoutSteps.theUserAddsTheFirstProductToTheCart()
  When the user adds the first product to the cart                          # stepDefinitions.CheckoutSteps.theUserAddsTheFirstProductToTheCart()
  When the user adds the first product to the cart                               # stepDefinitions.CheckoutSteps.theUserAddsTheFirstProductToTheCart()
  When the user adds the first product to the cart                          # stepDefinitions.CheckoutSteps.theUserAddsTheFirstProductToTheCart()
  When the user adds the first product to the cart                              # stepDefinitions.CheckoutSteps.theUserAddsTheFirstProductToTheCart()
  When the user adds the first product to the cart                              # stepDefinitions.CheckoutSteps.theUserAddsTheFirstProductToTheCart()
  When the user adds the first product to the cart # stepDefinitions.CheckoutSteps.theUserAddsTheFirstProductToTheCart()
  When the user adds the first product to the cart      # stepDefinitions.CheckoutSteps.theUserAddsTheFirstProductToTheCart()
  And the user navigates to the cart                                        # stepDefinitions.CheckoutSteps.theUserNavigatesToTheCart()
  And the user navigates to the cart                                           # stepDefinitions.CheckoutSteps.theUserNavigatesToTheCart()
  And the user navigates to the cart               # stepDefinitions.CheckoutSteps.theUserNavigatesToTheCart()
  And the user navigates to the cart                                           # stepDefinitions.CheckoutSteps.theUserNavigatesToTheCart()
  And the user navigates to the cart                                            # stepDefinitions.CheckoutSteps.theUserNavigatesToTheCart()
  And the user navigates to the cart                                             # stepDefinitions.CheckoutSteps.theUserNavigatesToTheCart()
  And the user navigates to the cart                                        # stepDefinitions.CheckoutSteps.theUserNavigatesToTheCart()
  And the user navigates to the cart                                        # stepDefinitions.CheckoutSteps.theUserNavigatesToTheCart()
  And the user navigates to the cart                                            # stepDefinitions.CheckoutSteps.theUserNavigatesToTheCart()
  And the user navigates to the cart                                        # stepDefinitions.CheckoutSteps.theUserNavigatesToTheCart()
  And the user navigates to the cart               # stepDefinitions.CheckoutSteps.theUserNavigatesToTheCart()
  Then the cart page should be displayed           # stepDefinitions.CheckoutSteps.theCartPageShouldBeDisplayed()
      java.lang.AssertionError: Cart page is not displayed expected [true] but found [false]
	at org.testng.Assert.fail(Assert.java:111)
	at org.testng.Assert.failNotEquals(Assert.java:1578)
	at org.testng.Assert.assertTrue(Assert.java:57)
	at stepDefinitions.CheckoutSteps.theCartPageShouldBeDisplayed(CheckoutSteps.java:49)
	at âœ½.the cart page should be displayed(file:///C:/Users/manoj/IdeaProjects/SauceDemo_Framework/src/test/resources/features/ui/checkout.feature:32)

  Then the cart page should be displayed                                    # stepDefinitions.CheckoutSteps.theCartPageShouldBeDisplayed()
      java.lang.AssertionError: Cart page is not displayed expected [true] but found [false]
	at org.testng.Assert.fail(Assert.java:111)
	at org.testng.Assert.failNotEquals(Assert.java:1578)
	at org.testng.Assert.assertTrue(Assert.java:57)
	at stepDefinitions.CheckoutSteps.theCartPageShouldBeDisplayed(CheckoutSteps.java:49)
	at âœ½.the cart page should be displayed(file:///C:/Users/manoj/IdeaProjects/SauceDemo_Framework/src/test/resources/features/ui/checkout.feature:17)

  Then the cart page should be displayed           # stepDefinitions.CheckoutSteps.theCartPageShouldBeDisplayed()
      java.lang.AssertionError: Cart page is not displayed expected [true] but found [false]
	at org.testng.Assert.fail(Assert.java:111)
	at org.testng.Assert.failNotEquals(Assert.java:1578)
	at org.testng.Assert.assertTrue(Assert.java:57)
	at stepDefinitions.CheckoutSteps.theCartPageShouldBeDisplayed(CheckoutSteps.java:49)
	at âœ½.the cart page should be displayed(file:///C:/Users/manoj/IdeaProjects/SauceDemo_Framework/src/test/resources/features/ui/checkout.feature:32)

  When the user clicks continue shopping           # stepDefinitions.CheckoutSteps.theUserClicksContinueShopping()
  And the cart should contain 1 item                                        # stepDefinitions.CheckoutSteps.theCartShouldContainItem(int)
  When the user clicks checkout                                             # stepDefinitions.CheckoutSteps.theUserClicksCheckout()
  Then the checkout information page should be displayed                    # stepDefinitions.CheckoutSteps.theCheckoutInformationPageShouldBeDisplayed()
  When the user fills in checkout information with "Manoj" "Kumar" "600001" # stepDefinitions.CheckoutSteps.theUserFillsInCheckoutInformationWith(java.lang.String,java.lang.String,java.lang.String)
  Then the user should be on the inventory page    # stepDefinitions.CheckoutSteps.theUserShouldBeOnTheInventoryPage()
  And the user clicks continue                                              # stepDefinitions.CheckoutSteps.theUserClicksContinue()
  Then the checkout overview page should be displayed                       # stepDefinitions.CheckoutSteps.theCheckoutOverviewPageShouldBeDisplayed()
  When the user clicks finish                                               # stepDefinitions.CheckoutSteps.theUserClicksFinish()
  Then the order confirmation page should be displayed                      # stepDefinitions.CheckoutSteps.theOrderConfirmationPageShouldBeDisplayed()
  And the confirmation message should be "Thank you for your order!"        # stepDefinitions.CheckoutSteps.theConfirmationMessageShouldBe(java.lang.String)
  When the user clicks continue shopping           # stepDefinitions.CheckoutSteps.theUserClicksContinueShopping()
  Then the user should be on the inventory page    # stepDefinitions.CheckoutSteps.theUserShouldBeOnTheInventoryPage()
  Then the cart page should be displayed                                    # stepDefinitions.CheckoutSteps.theCartPageShouldBeDisplayed()
      java.lang.AssertionError: Cart page is not displayed expected [true] but found [false]
	at org.testng.Assert.fail(Assert.java:111)
	at org.testng.Assert.failNotEquals(Assert.java:1578)
	at org.testng.Assert.assertTrue(Assert.java:57)
	at stepDefinitions.CheckoutSteps.theCartPageShouldBeDisplayed(CheckoutSteps.java:49)
	at âœ½.the cart page should be displayed(file:///C:/Users/manoj/IdeaProjects/SauceDemo_Framework/src/test/resources/features/ui/checkout.feature:17)

  And the cart should contain 1 item                                        # stepDefinitions.CheckoutSteps.theCartShouldContainItem(int)
  When the user clicks checkout                                             # stepDefinitions.CheckoutSteps.theUserClicksCheckout()
  Then the checkout information page should be displayed                    # stepDefinitions.CheckoutSteps.theCheckoutInformationPageShouldBeDisplayed()
  When the user fills in checkout information with "Manoj" "Kumar" "600001" # stepDefinitions.CheckoutSteps.theUserFillsInCheckoutInformationWith(java.lang.String,java.lang.String,java.lang.String)
  And the user clicks continue                                              # stepDefinitions.CheckoutSteps.theUserClicksContinue()
  Then the checkout overview page should be displayed                       # stepDefinitions.CheckoutSteps.theCheckoutOverviewPageShouldBeDisplayed()
  When the user clicks finish                                               # stepDefinitions.CheckoutSteps.theUserClicksFinish()
  Then the order confirmation page should be displayed                      # stepDefinitions.CheckoutSteps.theOrderConfirmationPageShouldBeDisplayed()
  And the confirmation message should be "Thank you for your order!"        # stepDefinitions.CheckoutSteps.theConfirmationMessageShouldBe(java.lang.String)

    Embedding Screenshot on Failure - Navigate to cart and continue shopping [image/png 293902 bytes]


    Embedding Screenshot on Failure - Navigate to cart and continue shopping [image/png 302245 bytes]


    Embedding Screenshot on Failure - Complete a full product order successfully [image/png 293261 bytes]


    Embedding Screenshot on Failure - Complete a full product order successfully [image/png 319667 bytes]

  Then the cart count should be "1"                     # stepDefinitions.CheckoutSteps.theCartCountShouldBe(java.lang.String)
      java.lang.AssertionError: Cart count mismatch expected [1] but found [0]
	at org.testng.Assert.fail(Assert.java:111)
	at org.testng.Assert.failNotEquals(Assert.java:1578)
	at org.testng.Assert.assertEqualsImpl(Assert.java:150)
	at org.testng.Assert.assertEquals(Assert.java:132)
	at org.testng.Assert.assertEquals(Assert.java:656)
	at stepDefinitions.CheckoutSteps.theCartCountShouldBe(CheckoutSteps.java:38)
	at âœ½.the cart count should be "1"(file:///C:/Users/manoj/IdeaProjects/SauceDemo_Framework/src/test/resources/features/ui/checkout.feature:11)

  Then the cart count should be "1"                     # stepDefinitions.CheckoutSteps.theCartCountShouldBe(java.lang.String)
      java.lang.AssertionError: Cart count mismatch expected [1] but found [0]
	at org.testng.Assert.fail(Assert.java:111)
	at org.testng.Assert.failNotEquals(Assert.java:1578)
	at org.testng.Assert.assertEqualsImpl(Assert.java:150)
	at org.testng.Assert.assertEquals(Assert.java:132)
	at org.testng.Assert.assertEquals(Assert.java:656)
	at stepDefinitions.CheckoutSteps.theCartCountShouldBe(CheckoutSteps.java:38)
	at âœ½.the cart count should be "1"(file:///C:/Users/manoj/IdeaProjects/SauceDemo_Framework/src/test/resources/features/ui/checkout.feature:11)


    Embedding Screenshot on Failure - Add one product to cart and verify cart count [image/png 310155 bytes]


    Embedding Screenshot on Failure - Add one product to cart and verify cart count [image/png 319667 bytes]

]]></system-out>
    <system-err><![CDATA[[main] WARN org.testng.TestNG - Ignoring duplicate listener : io.qameta.allure.testng.AllureTestNg
[main] WARN org.testng.TestNG - Ignoring duplicate listener : io.qameta.allure.testng.AllureTestNg
[main] WARN org.testng.TestNG - Ignoring duplicate listener : io.qameta.allure.testng.AllureTestNg
[TestNG-PoolService-2] INFO io.github.bonigarcia.wdm.WebDriverManager - Using chromedriver 147.0.7727.57 (resolved driver for Chrome 147)
[TestNG-PoolService-5] INFO io.github.bonigarcia.wdm.WebDriverManager - Using chromedriver 147.0.7727.57 (resolved driver for Chrome 147)
[TestNG-PoolService-2] INFO io.github.bonigarcia.wdm.WebDriverManager - Using chromedriver 147.0.7727.57 (resolved driver for Chrome 147)
[TestNG-PoolService-4] INFO io.github.bonigarcia.wdm.WebDriverManager - Using chromedriver 147.0.7727.57 (resolved driver for Chrome 147)
[TestNG-PoolService-3] INFO io.github.bonigarcia.wdm.WebDriverManager - Using chromedriver 147.0.7727.57 (resolved driver for Chrome 147)
[TestNG-PoolService-8] INFO io.github.bonigarcia.wdm.WebDriverManager - Using chromedriver 147.0.7727.57 (resolved driver for Chrome 147)
[TestNG-PoolService-7] INFO io.github.bonigarcia.wdm.WebDriverManager - Using chromedriver 147.0.7727.57 (resolved driver for Chrome 147)
[TestNG-PoolService-10] INFO io.github.bonigarcia.wdm.WebDriverManager - Using chromedriver 147.0.7727.57 (resolved driver for Chrome 147)
[TestNG-PoolService-4] INFO io.github.bonigarcia.wdm.WebDriverManager - Exporting webdriver.chrome.driver as C:\Users\manoj\.cache\selenium\chromedriver\win64\147.0.7727.57\chromedriver.exe
[TestNG-PoolService-2] INFO io.github.bonigarcia.wdm.WebDriverManager - Exporting webdriver.chrome.driver as C:\Users\manoj\.cache\selenium\chromedriver\win64\147.0.7727.57\chromedriver.exe
[TestNG-PoolService-5] INFO io.github.bonigarcia.wdm.WebDriverManager - Exporting webdriver.chrome.driver as C:\Users\manoj\.cache\selenium\chromedriver\win64\147.0.7727.57\chromedriver.exe
[TestNG-PoolService-7] INFO io.github.bonigarcia.wdm.WebDriverManager - Exporting webdriver.chrome.driver as C:\Users\manoj\.cache\selenium\chromedriver\win64\147.0.7727.57\chromedriver.exe
[TestNG-PoolService-2] INFO io.github.bonigarcia.wdm.WebDriverManager - Exporting webdriver.chrome.driver as C:\Users\manoj\.cache\selenium\chromedriver\win64\147.0.7727.57\chromedriver.exe
[TestNG-PoolService-3] INFO io.github.bonigarcia.wdm.WebDriverManager - Exporting webdriver.chrome.driver as C:\Users\manoj\.cache\selenium\chromedriver\win64\147.0.7727.57\chromedriver.exe
[TestNG-PoolService-10] INFO io.github.bonigarcia.wdm.WebDriverManager - Exporting webdriver.chrome.driver as C:\Users\manoj\.cache\selenium\chromedriver\win64\147.0.7727.57\chromedriver.exe
[TestNG-PoolService-8] INFO io.github.bonigarcia.wdm.WebDriverManager - Exporting webdriver.chrome.driver as C:\Users\manoj\.cache\selenium\chromedriver\win64\147.0.7727.57\chromedriver.exe
[TestNG-PoolService-8] INFO io.github.bonigarcia.wdm.WebDriverManager - Using chromedriver 147.0.7727.57 (resolved driver for Chrome 147)
[TestNG-PoolService-8] INFO io.github.bonigarcia.wdm.WebDriverManager - Exporting webdriver.chrome.driver as C:\Users\manoj\.cache\selenium\chromedriver\win64\147.0.7727.57\chromedriver.exe
[TestNG-PoolService-1] INFO io.github.bonigarcia.wdm.WebDriverManager - Using chromedriver 147.0.7727.57 (resolved driver for Chrome 147)
[TestNG-PoolService-9] INFO io.github.bonigarcia.wdm.WebDriverManager - Using chromedriver 147.0.7727.57 (resolved driver for Chrome 147)
[TestNG-PoolService-7] INFO io.github.bonigarcia.wdm.WebDriverManager - Using chromedriver 147.0.7727.57 (resolved driver for Chrome 147)
[TestNG-PoolService-1] INFO io.github.bonigarcia.wdm.WebDriverManager - Exporting webdriver.chrome.driver as C:\Users\manoj\.cache\selenium\chromedriver\win64\147.0.7727.57\chromedriver.exe
[TestNG-PoolService-9] INFO io.github.bonigarcia.wdm.WebDriverManager - Exporting webdriver.chrome.driver as C:\Users\manoj\.cache\selenium\chromedriver\win64\147.0.7727.57\chromedriver.exe
[TestNG-PoolService-1] INFO io.github.bonigarcia.wdm.WebDriverManager - Using chromedriver 147.0.7727.57 (resolved driver for Chrome 147)
[TestNG-PoolService-4] INFO io.github.bonigarcia.wdm.WebDriverManager - Using chromedriver 147.0.7727.57 (resolved driver for Chrome 147)
[TestNG-PoolService-3] INFO io.github.bonigarcia.wdm.WebDriverManager - Using chromedriver 147.0.7727.57 (resolved driver for Chrome 147)
[TestNG-PoolService-6] INFO io.github.bonigarcia.wdm.WebDriverManager - Using chromedriver 147.0.7727.57 (resolved driver for Chrome 147)
[TestNG-PoolService-10] INFO io.github.bonigarcia.wdm.WebDriverManager - Using chromedriver 147.0.7727.57 (resolved driver for Chrome 147)
[TestNG-PoolService-5] INFO io.github.bonigarcia.wdm.WebDriverManager - Using chromedriver 147.0.7727.57 (resolved driver for Chrome 147)
[TestNG-PoolService-7] INFO io.github.bonigarcia.wdm.WebDriverManager - Exporting webdriver.chrome.driver as C:\Users\manoj\.cache\selenium\chromedriver\win64\147.0.7727.57\chromedriver.exe
[TestNG-PoolService-6] INFO io.github.bonigarcia.wdm.WebDriverManager - Exporting webdriver.chrome.driver as C:\Users\manoj\.cache\selenium\chromedriver\win64\147.0.7727.57\chromedriver.exe
[TestNG-PoolService-1] INFO io.github.bonigarcia.wdm.WebDriverManager - Exporting webdriver.chrome.driver as C:\Users\manoj\.cache\selenium\chromedriver\win64\147.0.7727.57\chromedriver.exe
[TestNG-PoolService-4] INFO io.github.bonigarcia.wdm.WebDriverManager - Exporting webdriver.chrome.driver as C:\Users\manoj\.cache\selenium\chromedriver\win64\147.0.7727.57\chromedriver.exe
[TestNG-PoolService-6] INFO io.github.bonigarcia.wdm.WebDriverManager - Using chromedriver 147.0.7727.57 (resolved driver for Chrome 147)
[TestNG-PoolService-9] INFO io.github.bonigarcia.wdm.WebDriverManager - Using chromedriver 147.0.7727.57 (resolved driver for Chrome 147)
[TestNG-PoolService-9] INFO io.github.bonigarcia.wdm.WebDriverManager - Exporting webdriver.chrome.driver as C:\Users\manoj\.cache\selenium\chromedriver\win64\147.0.7727.57\chromedriver.exe
[TestNG-PoolService-6] INFO io.github.bonigarcia.wdm.WebDriverManager - Exporting webdriver.chrome.driver as C:\Users\manoj\.cache\selenium\chromedriver\win64\147.0.7727.57\chromedriver.exe
[TestNG-PoolService-5] INFO io.github.bonigarcia.wdm.WebDriverManager - Exporting webdriver.chrome.driver as C:\Users\manoj\.cache\selenium\chromedriver\win64\147.0.7727.57\chromedriver.exe
[TestNG-PoolService-3] INFO io.github.bonigarcia.wdm.WebDriverManager - Exporting webdriver.chrome.driver as C:\Users\manoj\.cache\selenium\chromedriver\win64\147.0.7727.57\chromedriver.exe
[TestNG-PoolService-10] INFO io.github.bonigarcia.wdm.WebDriverManager - Exporting webdriver.chrome.driver as C:\Users\manoj\.cache\selenium\chromedriver\win64\147.0.7727.57\chromedriver.exe
Apr 21, 2026 11:54:31 AM org.openqa.selenium.devtools.CdpVersionFinder findNearestMatch
WARNING: Unable to find CDP implementation matching 147
Apr 21, 2026 11:54:31 AM org.openqa.selenium.devtools.CdpVersionFinder findNearestMatch
WARNING: Unable to find CDP implementation matching 147
Apr 21, 2026 11:54:31 AM org.openqa.selenium.chromium.ChromiumDriver lambda$new$5
WARNING: Unable to find version of CDP to use for 147.0.7727.57. You may need to include a dependency on a specific version of the CDP using something similar to `org.seleniumhq.selenium:selenium-devtools-v86:4.18.1` where the version ("v86") matches the version of the chromium-based browser you're using and the version number of the artifact is the same as Selenium's.
Apr 21, 2026 11:54:31 AM org.openqa.selenium.devtools.CdpVersionFinder findNearestMatch
WARNING: Unable to find CDP implementation matching 147
Apr 21, 2026 11:54:31 AM org.openqa.selenium.devtools.CdpVersionFinder findNearestMatch
WARNING: Unable to find CDP implementation matching 147
Apr 21, 2026 11:54:31 AM org.openqa.selenium.devtools.CdpVersionFinder findNearestMatch
WARNING: Unable to find CDP implementation matching 147
Apr 21, 2026 11:54:31 AM org.openqa.selenium.devtools.CdpVersionFinder findNearestMatch
WARNING: Unable to find CDP implementation matching 147
Apr 21, 2026 11:54:31 AM org.openqa.selenium.devtools.CdpVersionFinder findNearestMatch
WARNING: Unable to find CDP implementation matching 147
Apr 21, 2026 11:54:31 AM org.openqa.selenium.devtools.CdpVersionFinder findNearestMatch
WARNING: Unable to find CDP implementation matching 147
Apr 21, 2026 11:54:31 AM org.openqa.selenium.devtools.CdpVersionFinder findNearestMatch
WARNING: Unable to find CDP implementation matching 147
Apr 21, 2026 11:54:31 AM org.openqa.selenium.devtools.CdpVersionFinder findNearestMatch
WARNING: Unable to find CDP implementation matching 147
Apr 21, 2026 11:54:31 AM org.openqa.selenium.devtools.CdpVersionFinder findNearestMatch
WARNING: Unable to find CDP implementation matching 147
Apr 21, 2026 11:54:31 AM org.openqa.selenium.devtools.CdpVersionFinder findNearestMatch
WARNING: Unable to find CDP implementation matching 147
Apr 21, 2026 11:54:31 AM org.openqa.selenium.devtools.CdpVersionFinder findNearestMatch
WARNING: Unable to find CDP implementation matching 147
Apr 21, 2026 11:54:31 AM org.openqa.selenium.chromium.ChromiumDriver lambda$new$5
WARNING: Unable to find version of CDP to use for 147.0.7727.57. You may need to include a dependency on a specific version of the CDP using something similar to `org.seleniumhq.selenium:selenium-devtools-v86:4.18.1` where the version ("v86") matches the version of the chromium-based browser you're using and the version number of the artifact is the same as Selenium's.
Apr 21, 2026 11:54:31 AM org.openqa.selenium.chromium.ChromiumDriver lambda$new$5
WARNING: Unable to find version of CDP to use for 147.0.7727.57. You may need to include a dependency on a specific version of the CDP using something similar to `org.seleniumhq.selenium:selenium-devtools-v86:4.18.1` where the version ("v86") matches the version of the chromium-based browser you're using and the version number of the artifact is the same as Selenium's.
Apr 21, 2026 11:54:31 AM org.openqa.selenium.devtools.CdpVersionFinder findNearestMatch
WARNING: Unable to find CDP implementation matching 147
Apr 21, 2026 11:54:31 AM org.openqa.selenium.devtools.CdpVersionFinder findNearestMatch
WARNING: Unable to find CDP implementation matching 147
Apr 21, 2026 11:54:31 AM org.openqa.selenium.chromium.ChromiumDriver lambda$new$5
WARNING: Unable to find version of CDP to use for 147.0.7727.57. You may need to include a dependency on a specific version of the CDP using something similar to `org.seleniumhq.selenium:selenium-devtools-v86:4.18.1` where the version ("v86") matches the version of the chromium-based browser you're using and the version number of the artifact is the same as Selenium's.
Apr 21, 2026 11:54:31 AM org.openqa.selenium.devtools.CdpVersionFinder findNearestMatch
WARNING: Unable to find CDP implementation matching 147
Apr 21, 2026 11:54:31 AM org.openqa.selenium.chromium.ChromiumDriver lambda$new$5
WARNING: Unable to find version of CDP to use for 147.0.7727.57. You may need to include a dependency on a specific version of the CDP using something similar to `org.seleniumhq.selenium:selenium-devtools-v86:4.18.1` where the version ("v86") matches the version of the chromium-based browser you're using and the version number of the artifact is the same as Selenium's.
Apr 21, 2026 11:54:31 AM org.openqa.selenium.devtools.CdpVersionFinder findNearestMatch
WARNING: Unable to find CDP implementation matching 147
Apr 21, 2026 11:54:31 AM org.openqa.selenium.chromium.ChromiumDriver lambda$new$5
WARNING: Unable to find version of CDP to use for 147.0.7727.57. You may need to include a dependency on a specific version of the CDP using something similar to `org.seleniumhq.selenium:selenium-devtools-v86:4.18.1` where the version ("v86") matches the version of the chromium-based browser you're using and the version number of the artifact is the same as Selenium's.
Apr 21, 2026 11:54:31 AM org.openqa.selenium.devtools.CdpVersionFinder findNearestMatch
WARNING: Unable to find CDP implementation matching 147
Apr 21, 2026 11:54:31 AM org.openqa.selenium.devtools.CdpVersionFinder findNearestMatch
WARNING: Unable to find CDP implementation matching 147
Apr 21, 2026 11:54:31 AM org.openqa.selenium.chromium.ChromiumDriver lambda$new$5
WARNING: Unable to find version of CDP to use for 147.0.7727.57. You may need to include a dependency on a specific version of the CDP using something similar to `org.seleniumhq.selenium:selenium-devtools-v86:4.18.1` where the version ("v86") matches the version of the chromium-based browser you're using and the version number of the artifact is the same as Selenium's.
Apr 21, 2026 11:54:31 AM org.openqa.selenium.devtools.CdpVersionFinder findNearestMatch
WARNING: Unable to find CDP implementation matching 147
Apr 21, 2026 11:54:31 AM org.openqa.selenium.chromium.ChromiumDriver lambda$new$5
WARNING: Unable to find version of CDP to use for 147.0.7727.57. You may need to include a dependency on a specific version of the CDP using something similar to `org.seleniumhq.selenium:selenium-devtools-v86:4.18.1` where the version ("v86") matches the version of the chromium-based browser you're using and the version number of the artifact is the same as Selenium's.
Apr 21, 2026 11:54:31 AM org.openqa.selenium.chromium.ChromiumDriver lambda$new$5
WARNING: Unable to find version of CDP to use for 147.0.7727.57. You may need to include a dependency on a specific version of the CDP using something similar to `org.seleniumhq.selenium:selenium-devtools-v86:4.18.1` where the version ("v86") matches the version of the chromium-based browser you're using and the version number of the artifact is the same as Selenium's.
Apr 21, 2026 11:54:31 AM org.openqa.selenium.chromium.ChromiumDriver lambda$new$5
WARNING: Unable to find version of CDP to use for 147.0.7727.57. You may need to include a dependency on a specific version of the CDP using something similar to `org.seleniumhq.selenium:selenium-devtools-v86:4.18.1` where the version ("v86") matches the version of the chromium-based browser you're using and the version number of the artifact is the same as Selenium's.
Apr 21, 2026 11:54:31 AM org.openqa.selenium.chromium.ChromiumDriver lambda$new$5
WARNING: Unable to find version of CDP to use for 147.0.7727.57. You may need to include a dependency on a specific version of the CDP using something similar to `org.seleniumhq.selenium:selenium-devtools-v86:4.18.1` where the version ("v86") matches the version of the chromium-based browser you're using and the version number of the artifact is the same as Selenium's.
Apr 21, 2026 11:54:31 AM org.openqa.selenium.chromium.ChromiumDriver lambda$new$5
WARNING: Unable to find version of CDP to use for 147.0.7727.57. You may need to include a dependency on a specific version of the CDP using something similar to `org.seleniumhq.selenium:selenium-devtools-v86:4.18.1` where the version ("v86") matches the version of the chromium-based browser you're using and the version number of the artifact is the same as Selenium's.
Apr 21, 2026 11:54:31 AM org.openqa.selenium.chromium.ChromiumDriver lambda$new$5
WARNING: Unable to find version of CDP to use for 147.0.7727.57. You may need to include a dependency on a specific version of the CDP using something similar to `org.seleniumhq.selenium:selenium-devtools-v86:4.18.1` where the version ("v86") matches the version of the chromium-based browser you're using and the version number of the artifact is the same as Selenium's.
Apr 21, 2026 11:54:31 AM org.openqa.selenium.chromium.ChromiumDriver lambda$new$5
WARNING: Unable to find version of CDP to use for 147.0.7727.57. You may need to include a dependency on a specific version of the CDP using something similar to `org.seleniumhq.selenium:selenium-devtools-v86:4.18.1` where the version ("v86") matches the version of the chromium-based browser you're using and the version number of the artifact is the same as Selenium's.
Apr 21, 2026 11:54:31 AM org.openqa.selenium.chromium.ChromiumDriver lambda$new$5
WARNING: Unable to find version of CDP to use for 147.0.7727.57. You may need to include a dependency on a specific version of the CDP using something similar to `org.seleniumhq.selenium:selenium-devtools-v86:4.18.1` where the version ("v86") matches the version of the chromium-based browser you're using and the version number of the artifact is the same as Selenium's.
Apr 21, 2026 11:54:31 AM org.openqa.selenium.chromium.ChromiumDriver lambda$new$5
WARNING: Unable to find version of CDP to use for 147.0.7727.57. You may need to include a dependency on a specific version of the CDP using something similar to `org.seleniumhq.selenium:selenium-devtools-v86:4.18.1` where the version ("v86") matches the version of the chromium-based browser you're using and the version number of the artifact is the same as Selenium's.
Apr 21, 2026 11:54:31 AM org.openqa.selenium.chromium.ChromiumDriver lambda$new$5
WARNING: Unable to find version of CDP to use for 147.0.7727.57. You may need to include a dependency on a specific version of the CDP using something similar to `org.seleniumhq.selenium:selenium-devtools-v86:4.18.1` where the version ("v86") matches the version of the chromium-based browser you're using and the version number of the artifact is the same as Selenium's.
Apr 21, 2026 11:54:31 AM org.openqa.selenium.chromium.ChromiumDriver lambda$new$5
WARNING: Unable to find version of CDP to use for 147.0.7727.57. You may need to include a dependency on a specific version of the CDP using something similar to `org.seleniumhq.selenium:selenium-devtools-v86:4.18.1` where the version ("v86") matches the version of the chromium-based browser you're using and the version number of the artifact is the same as Selenium's.
Apr 21, 2026 11:54:31 AM org.openqa.selenium.chromium.ChromiumDriver lambda$new$5
WARNING: Unable to find version of CDP to use for 147.0.7727.57. You may need to include a dependency on a specific version of the CDP using something similar to `org.seleniumhq.selenium:selenium-devtools-v86:4.18.1` where the version ("v86") matches the version of the chromium-based browser you're using and the version number of the artifact is the same as Selenium's.
Apr 21, 2026 11:54:31 AM org.openqa.selenium.chromium.ChromiumDriver lambda$new$5
WARNING: Unable to find version of CDP to use for 147.0.7727.57. You may need to include a dependency on a specific version of the CDP using something similar to `org.seleniumhq.selenium:selenium-devtools-v86:4.18.1` where the version ("v86") matches the version of the chromium-based browser you're using and the version number of the artifact is the same as Selenium's.
]]></system-err>
  </testcase>
  <testcase name="runScenario[&quot;Login with invalid username&quot;, &quot;Login Functionality - SauceDemo&quot;](2)" classname="runners.UITestRunner" time="13.693">
    <system-out><![CDATA[
@UI @Login @Regression @LockedUser
Scenario: Login with locked out user                                          # src/test/resources/features/ui/login.feature:29

==> [HOOK] Starting Scenario : Login with locked out user
==> [HOOK] Browser           : chrome
==> [HOOK] Thread            : 36
  And the user clicks checkout                                                  # stepDefinitions.CheckoutSteps.theUserClicksCheckout()
      org.openqa.selenium.TimeoutException: Expected condition failed: waiting for element to be clickable: Proxy element for: DefaultElementLocator 'By.id: checkout' (tried for 15 second(s) with 500 milliseconds interval)
	at org.openqa.selenium.support.ui.WebDriverWait.timeoutException(WebDriverWait.java:84)
	at org.openqa.selenium.support.ui.FluentWait.until(FluentWait.java:228)
	at utils.WaitHelper.waitForClickable(WaitHelper.java:23)
	at utils.WaitHelper.clickWhenReady(WaitHelper.java:31)
	at pages.CartPage.clickCheckout(CartPage.java:51)
	at stepDefinitions.CheckoutSteps.theUserClicksCheckout(CheckoutSteps.java:61)
	at âœ½.the user clicks checkout(file:///C:/Users/manoj/IdeaProjects/SauceDemo_Framework/src/test/resources/features/ui/checkout.feature:40)
Caused by: org.openqa.selenium.NoSuchElementException: no such element: Unable to locate element: {"method":"css selector","selector":"#checkout"}
  (Session info: chrome=147.0.7727.57)
For documentation on this error, please visit: https://www.selenium.dev/documentation/webdriver/troubleshooting/errors#no-such-element-exception
Build info: version: '4.18.1', revision: 'b1d3319b48'
System info: os.name: 'Windows 11', os.arch: 'amd64', os.version: '10.0', java.version: '17.0.12'
Driver info: org.openqa.selenium.chrome.ChromeDriver
Command: [d4803dd54e22806d801c76e0406a4ea7, findElement {using=id, value=checkout}]
Capabilities {acceptInsecureCerts: false, browserName: chrome, browserVersion: 147.0.7727.57, chrome: {chromedriverVersion: 147.0.7727.57 (b4f28b5637d0..., userDataDir: C:\Users\manoj\AppData\Loca...}, fedcm:accounts: true, goog:chromeOptions: {debuggerAddress: localhost:64468}, goog:processID: 19732, networkConnectionEnabled: false, pageLoadStrategy: normal, platformName: windows, proxy: Proxy(), se:cdp: ws://localhost:64468/devtoo..., se:cdpVersion: 147.0.7727.57, setWindowRect: true, strictFileInteractability: false, timeouts: {implicit: 0, pageLoad: 300000, script: 30000}, unhandledPromptBehavior: dismiss and notify, webauthn:extension:credBlob: true, webauthn:extension:largeBlob: true, webauthn:extension:minPinLength: true, webauthn:extension:prf: true, webauthn:virtualAuthenticators: true}
Session ID: d4803dd54e22806d801c76e0406a4ea7
	at java.base/jdk.internal.reflect.NativeConstructorAccessorImpl.newInstance0(Native Method)
	at java.base/jdk.internal.reflect.NativeConstructorAccessorImpl.newInstance(NativeConstructorAccessorImpl.java:77)
	at java.base/jdk.internal.reflect.DelegatingConstructorAccessorImpl.newInstance(DelegatingConstructorAccessorImpl.java:45)
	at java.base/java.lang.reflect.Constructor.newInstanceWithCaller(Constructor.java:499)
	at java.base/java.lang.reflect.Constructor.newInstance(Constructor.java:480)
	at org.openqa.selenium.remote.ErrorCodec.decode(ErrorCodec.java:167)
	at org.openqa.selenium.remote.codec.w3c.W3CHttpResponseCodec.decode(W3CHttpResponseCodec.java:138)
	at org.openqa.selenium.remote.codec.w3c.W3CHttpResponseCodec.decode(W3CHttpResponseCodec.java:50)
	at org.openqa.selenium.remote.HttpCommandExecutor.execute(HttpCommandExecutor.java:190)
	at org.openqa.selenium.remote.service.DriverCommandExecutor.invokeExecute(DriverCommandExecutor.java:216)
	at org.openqa.selenium.remote.service.DriverCommandExecutor.execute(DriverCommandExecutor.java:174)
	at org.openqa.selenium.remote.RemoteWebDriver.execute(RemoteWebDriver.java:519)
	at org.openqa.selenium.remote.ElementLocation$ElementFinder$2.findElement(ElementLocation.java:165)
	at org.openqa.selenium.remote.ElementLocation.findElement(ElementLocation.java:59)
	at org.openqa.selenium.remote.RemoteWebDriver.findElement(RemoteWebDriver.java:356)
	at org.openqa.selenium.remote.RemoteWebDriver.findElement(RemoteWebDriver.java:350)
	at org.openqa.selenium.support.pagefactory.DefaultElementLocator.findElement(DefaultElementLocator.java:68)
	at org.openqa.selenium.support.pagefactory.internal.LocatingElementHandler.invoke(LocatingElementHandler.java:38)
	at jdk.proxy2/jdk.proxy2.$Proxy23.isDisplayed(Unknown Source)
	at org.openqa.selenium.support.ui.ExpectedConditions.elementIfVisible(ExpectedConditions.java:304)
	at org.openqa.selenium.support.ui.ExpectedConditions$10.apply(ExpectedConditions.java:290)
	at org.openqa.selenium.support.ui.ExpectedConditions$10.apply(ExpectedConditions.java:287)
	at org.openqa.selenium.support.ui.ExpectedConditions$23.apply(ExpectedConditions.java:656)
	at org.openqa.selenium.support.ui.ExpectedConditions$23.apply(ExpectedConditions.java:652)
	at org.openqa.selenium.support.ui.FluentWait.until(FluentWait.java:203)
	at utils.WaitHelper.waitForClickable(WaitHelper.java:23)
	at utils.WaitHelper.clickWhenReady(WaitHelper.java:31)
	at pages.CartPage.clickCheckout(CartPage.java:51)
	at stepDefinitions.CheckoutSteps.theUserClicksCheckout(CheckoutSteps.java:61)
	at java.base/jdk.internal.reflect.NativeMethodAccessorImpl.invoke0(Native Method)
	at java.base/jdk.internal.reflect.NativeMethodAccessorImpl.invoke(NativeMethodAccessorImpl.java:77)
	at java.base/jdk.internal.reflect.DelegatingMethodAccessorImpl.invoke(DelegatingMethodAccessorImpl.java:43)
	at java.base/java.lang.reflect.Method.invoke(Method.java:568)
	at io.cucumber.java.Invoker.doInvoke(Invoker.java:66)
	at io.cucumber.java.Invoker.invoke(Invoker.java:24)
	at io.cucumber.java.AbstractGlueDefinition.invokeMethod(AbstractGlueDefinition.java:47)
	at io.cucumber.java.JavaStepDefinition.execute(JavaStepDefinition.java:29)
	at io.cucumber.core.runner.CoreStepDefinition.execute(CoreStepDefinition.java:66)
	at io.cucumber.core.runner.PickleStepDefinitionMatch.runStep(PickleStepDefinitionMatch.java:63)
	at io.cucumber.core.runner.ExecutionMode$1.execute(ExecutionMode.java:10)
	at io.cucumber.core.runner.TestStep.executeStep(TestStep.java:84)
	at io.cucumber.core.runner.TestStep.run(TestStep.java:56)
	at io.cucumber.core.runner.PickleStepTestStep.run(PickleStepTestStep.java:51)
	at io.cucumber.core.runner.TestCase.run(TestCase.java:84)
	at io.cucumber.core.runner.Runner.runPickle(Runner.java:75)
	at io.cucumber.testng.TestNGCucumberRunner.lambda$runScenario$1(TestNGCucumberRunner.java:132)
	at io.cucumber.core.runtime.CucumberExecutionContext.lambda$runTestCase$5(CucumberExecutionContext.java:137)
	at io.cucumber.core.runtime.RethrowingThrowableCollector.executeAndThrow(RethrowingThrowableCollector.java:23)
	at io.cucumber.core.runtime.CucumberExecutionContext.runTestCase(CucumberExecutionContext.java:137)
	at io.cucumber.testng.TestNGCucumberRunner.runScenario(TestNGCucumberRunner.java:129)
	at io.cucumber.testng.AbstractTestNGCucumberTests.runScenario(AbstractTestNGCucumberTests.java:35)
	at java.base/jdk.internal.reflect.NativeMethodAccessorImpl.invoke0(Native Method)
	at java.base/jdk.internal.reflect.NativeMethodAccessorImpl.invoke(NativeMethodAccessorImpl.java:77)
	at java.base/jdk.internal.reflect.DelegatingMethodAccessorImpl.invoke(DelegatingMethodAccessorImpl.java:43)
	at java.base/java.lang.reflect.Method.invoke(Method.java:568)
	at org.testng.internal.invokers.MethodInvocationHelper.invokeMethod(MethodInvocationHelper.java:139)
	at org.testng.internal.invokers.TestInvoker.invokeMethod(TestInvoker.java:664)
	at org.testng.internal.invokers.TestInvoker.invokeTestMethod(TestInvoker.java:228)
	at org.testng.internal.invokers.TestMethodWithDataProviderMethodWorker.call(TestMethodWithDataProviderMethodWorker.java:80)
	at java.base/java.util.concurrent.CompletableFuture$AsyncSupply.run(CompletableFuture.java:1768)
	at java.base/java.util.concurrent.ThreadPoolExecutor.runWorker(ThreadPoolExecutor.java:1136)
	at java.base/java.util.concurrent.ThreadPoolExecutor$Worker.run(ThreadPoolExecutor.java:635)
	at java.base/java.lang.Thread.run(Thread.java:842)

  And the user clicks checkout                                                   # stepDefinitions.CheckoutSteps.theUserClicksCheckout()
      org.openqa.selenium.TimeoutException: Expected condition failed: waiting for element to be clickable: Proxy element for: DefaultElementLocator 'By.id: checkout' (tried for 15 second(s) with 500 milliseconds interval)
	at org.openqa.selenium.support.ui.WebDriverWait.timeoutException(WebDriverWait.java:84)
	at org.openqa.selenium.support.ui.FluentWait.until(FluentWait.java:228)
	at utils.WaitHelper.waitForClickable(WaitHelper.java:23)
	at utils.WaitHelper.clickWhenReady(WaitHelper.java:31)
	at pages.CartPage.clickCheckout(CartPage.java:51)
	at stepDefinitions.CheckoutSteps.theUserClicksCheckout(CheckoutSteps.java:61)
	at âœ½.the user clicks checkout(file:///C:/Users/manoj/IdeaProjects/SauceDemo_Framework/src/test/resources/features/ui/checkout.feature:58)
Caused by: org.openqa.selenium.NoSuchElementException: no such element: Unable to locate element: {"method":"css selector","selector":"#checkout"}
  (Session info: chrome=147.0.7727.57)
For documentation on this error, please visit: https://www.selenium.dev/documentation/webdriver/troubleshooting/errors#no-such-element-exception
Build info: version: '4.18.1', revision: 'b1d3319b48'
System info: os.name: 'Windows 11', os.arch: 'amd64', os.version: '10.0', java.version: '17.0.12'
Driver info: org.openqa.selenium.chrome.ChromeDriver
Command: [d00c791f6919c6fceceb5b4346c73883, findElement {using=id, value=checkout}]
Capabilities {acceptInsecureCerts: false, browserName: chrome, browserVersion: 147.0.7727.57, chrome: {chromedriverVersion: 147.0.7727.57 (b4f28b5637d0..., userDataDir: C:\Users\manoj\AppData\Loca...}, fedcm:accounts: true, goog:chromeOptions: {debuggerAddress: localhost:56258}, goog:processID: 15972, networkConnectionEnabled: false, pageLoadStrategy: normal, platformName: windows, proxy: Proxy(), se:cdp: ws://localhost:56258/devtoo..., se:cdpVersion: 147.0.7727.57, setWindowRect: true, strictFileInteractability: false, timeouts: {implicit: 0, pageLoad: 300000, script: 30000}, unhandledPromptBehavior: dismiss and notify, webauthn:extension:credBlob: true, webauthn:extension:largeBlob: true, webauthn:extension:minPinLength: true, webauthn:extension:prf: true, webauthn:virtualAuthenticators: true}
Session ID: d00c791f6919c6fceceb5b4346c73883
	at java.base/jdk.internal.reflect.NativeConstructorAccessorImpl.newInstance0(Native Method)
	at java.base/jdk.internal.reflect.NativeConstructorAccessorImpl.newInstance(NativeConstructorAccessorImpl.java:77)
	at java.base/jdk.internal.reflect.DelegatingConstructorAccessorImpl.newInstance(DelegatingConstructorAccessorImpl.java:45)
	at java.base/java.lang.reflect.Constructor.newInstanceWithCaller(Constructor.java:499)
	at java.base/java.lang.reflect.Constructor.newInstance(Constructor.java:480)
	at org.openqa.selenium.remote.ErrorCodec.decode(ErrorCodec.java:167)
	at org.openqa.selenium.remote.codec.w3c.W3CHttpResponseCodec.decode(W3CHttpResponseCodec.java:138)
	at org.openqa.selenium.remote.codec.w3c.W3CHttpResponseCodec.decode(W3CHttpResponseCodec.java:50)
	at org.openqa.selenium.remote.HttpCommandExecutor.execute(HttpCommandExecutor.java:190)
	at org.openqa.selenium.remote.service.DriverCommandExecutor.invokeExecute(DriverCommandExecutor.java:216)
	at org.openqa.selenium.remote.service.DriverCommandExecutor.execute(DriverCommandExecutor.java:174)
	at org.openqa.selenium.remote.RemoteWebDriver.execute(RemoteWebDriver.java:519)
	at org.openqa.selenium.remote.ElementLocation$ElementFinder$2.findElement(ElementLocation.java:165)
	at org.openqa.selenium.remote.ElementLocation.findElement(ElementLocation.java:59)
	at org.openqa.selenium.remote.RemoteWebDriver.findElement(RemoteWebDriver.java:356)
	at org.openqa.selenium.remote.RemoteWebDriver.findElement(RemoteWebDriver.java:350)
	at org.openqa.selenium.support.pagefactory.DefaultElementLocator.findElement(DefaultElementLocator.java:68)
	at org.openqa.selenium.support.pagefactory.internal.LocatingElementHandler.invoke(LocatingElementHandler.java:38)
	at jdk.proxy2/jdk.proxy2.$Proxy23.isDisplayed(Unknown Source)
	at org.openqa.selenium.support.ui.ExpectedConditions.elementIfVisible(ExpectedConditions.java:304)
	at org.openqa.selenium.support.ui.ExpectedConditions$10.apply(ExpectedConditions.java:290)
	at org.openqa.selenium.support.ui.ExpectedConditions$10.apply(ExpectedConditions.java:287)
	at org.openqa.selenium.support.ui.ExpectedConditions$23.apply(ExpectedConditions.java:656)
	at org.openqa.selenium.support.ui.ExpectedConditions$23.apply(ExpectedConditions.java:652)
	at org.openqa.selenium.support.ui.FluentWait.until(FluentWait.java:203)
	at utils.WaitHelper.waitForClickable(WaitHelper.java:23)
	at utils.WaitHelper.clickWhenReady(WaitHelper.java:31)
	at pages.CartPage.clickCheckout(CartPage.java:51)
	at stepDefinitions.CheckoutSteps.theUserClicksCheckout(CheckoutSteps.java:61)
	at java.base/jdk.internal.reflect.NativeMethodAccessorImpl.invoke0(Native Method)
	at java.base/jdk.internal.reflect.NativeMethodAccessorImpl.invoke(NativeMethodAccessorImpl.java:77)
	at java.base/jdk.internal.reflect.DelegatingMethodAccessorImpl.invoke(DelegatingMethodAccessorImpl.java:43)
	at java.base/java.lang.reflect.Method.invoke(Method.java:568)
	at io.cucumber.java.Invoker.doInvoke(Invoker.java:66)
	at io.cucumber.java.Invoker.invoke(Invoker.java:24)
	at io.cucumber.java.AbstractGlueDefinition.invokeMethod(AbstractGlueDefinition.java:47)
	at io.cucumber.java.JavaStepDefinition.execute(JavaStepDefinition.java:29)
	at io.cucumber.core.runner.CoreStepDefinition.execute(CoreStepDefinition.java:66)
	at io.cucumber.core.runner.PickleStepDefinitionMatch.runStep(PickleStepDefinitionMatch.java:63)
	at io.cucumber.core.runner.ExecutionMode$1.execute(ExecutionMode.java:10)
	at io.cucumber.core.runner.TestStep.executeStep(TestStep.java:84)
	at io.cucumber.core.runner.TestStep.run(TestStep.java:56)
	at io.cucumber.core.runner.PickleStepTestStep.run(PickleStepTestStep.java:51)
	at io.cucumber.core.runner.TestCase.run(TestCase.java:84)
	at io.cucumber.core.runner.Runner.runPickle(Runner.java:75)
	at io.cucumber.testng.TestNGCucumberRunner.lambda$runScenario$1(TestNGCucumberRunner.java:132)
	at io.cucumber.core.runtime.CucumberExecutionContext.lambda$runTestCase$5(CucumberExecutionContext.java:137)
	at io.cucumber.core.runtime.RethrowingThrowableCollector.executeAndThrow(RethrowingThrowableCollector.java:23)
	at io.cucumber.core.runtime.CucumberExecutionContext.runTestCase(CucumberExecutionContext.java:137)
	at io.cucumber.testng.TestNGCucumberRunner.runScenario(TestNGCucumberRunner.java:129)
	at io.cucumber.testng.AbstractTestNGCucumberTests.runScenario(AbstractTestNGCucumberTests.java:35)
	at java.base/jdk.internal.reflect.NativeMethodAccessorImpl.invoke0(Native Method)
	at java.base/jdk.internal.reflect.NativeMethodAccessorImpl.invoke(NativeMethodAccessorImpl.java:77)
	at java.base/jdk.internal.reflect.DelegatingMethodAccessorImpl.invoke(DelegatingMethodAccessorImpl.java:43)
	at java.base/java.lang.reflect.Method.invoke(Method.java:568)
	at org.testng.internal.invokers.MethodInvocationHelper.invokeMethod(MethodInvocationHelper.java:139)
	at org.testng.internal.invokers.TestInvoker.invokeMethod(TestInvoker.java:664)
	at org.testng.internal.invokers.TestInvoker.invokeTestMethod(TestInvoker.java:228)
	at org.testng.internal.invokers.TestMethodWithDataProviderMethodWorker.call(TestMethodWithDataProviderMethodWorker.java:80)
	at java.base/java.util.concurrent.CompletableFuture$AsyncSupply.run(CompletableFuture.java:1768)
	at java.base/java.util.concurrent.ThreadPoolExecutor.runWorker(ThreadPoolExecutor.java:1136)
	at java.base/java.util.concurrent.ThreadPoolExecutor$Worker.run(ThreadPoolExecutor.java:635)
	at java.base/java.lang.Thread.run(Thread.java:842)

  And the user clicks checkout                                              # stepDefinitions.CheckoutSteps.theUserClicksCheckout()
      org.openqa.selenium.TimeoutException: Expected condition failed: waiting for element to be clickable: Proxy element for: DefaultElementLocator 'By.id: checkout' (tried for 15 second(s) with 500 milliseconds interval)
	at org.openqa.selenium.support.ui.WebDriverWait.timeoutException(WebDriverWait.java:84)
	at org.openqa.selenium.support.ui.FluentWait.until(FluentWait.java:228)
	at utils.WaitHelper.waitForClickable(WaitHelper.java:23)
	at utils.WaitHelper.clickWhenReady(WaitHelper.java:31)
	at pages.CartPage.clickCheckout(CartPage.java:51)
	at stepDefinitions.CheckoutSteps.theUserClicksCheckout(CheckoutSteps.java:61)
	at âœ½.the user clicks checkout(file:///C:/Users/manoj/IdeaProjects/SauceDemo_Framework/src/test/resources/features/ui/checkout.feature:67)
Caused by: org.openqa.selenium.NoSuchElementException: no such element: Unable to locate element: {"method":"css selector","selector":"#checkout"}
  (Session info: chrome=147.0.7727.57)
For documentation on this error, please visit: https://www.selenium.dev/documentation/webdriver/troubleshooting/errors#no-such-element-exception
Build info: version: '4.18.1', revision: 'b1d3319b48'
System info: os.name: 'Windows 11', os.arch: 'amd64', os.version: '10.0', java.version: '17.0.12'
Driver info: org.openqa.selenium.chrome.ChromeDriver
Command: [f2f66cdb8ff5cff0d823a333fe0e4693, findElement {using=id, value=checkout}]
Capabilities {acceptInsecureCerts: false, browserName: chrome, browserVersion: 147.0.7727.57, chrome: {chromedriverVersion: 147.0.7727.57 (b4f28b5637d0..., userDataDir: C:\Users\manoj\AppData\Loca...}, fedcm:accounts: true, goog:chromeOptions: {debuggerAddress: localhost:55952}, goog:processID: 25460, networkConnectionEnabled: false, pageLoadStrategy: normal, platformName: windows, proxy: Proxy(), se:cdp: ws://localhost:55952/devtoo..., se:cdpVersion: 147.0.7727.57, setWindowRect: true, strictFileInteractability: false, timeouts: {implicit: 0, pageLoad: 300000, script: 30000}, unhandledPromptBehavior: dismiss and notify, webauthn:extension:credBlob: true, webauthn:extension:largeBlob: true, webauthn:extension:minPinLength: true, webauthn:extension:prf: true, webauthn:virtualAuthenticators: true}
Session ID: f2f66cdb8ff5cff0d823a333fe0e4693
	at java.base/jdk.internal.reflect.NativeConstructorAccessorImpl.newInstance0(Native Method)
	at java.base/jdk.internal.reflect.NativeConstructorAccessorImpl.newInstance(NativeConstructorAccessorImpl.java:77)
	at java.base/jdk.internal.reflect.DelegatingConstructorAccessorImpl.newInstance(DelegatingConstructorAccessorImpl.java:45)
	at java.base/java.lang.reflect.Constructor.newInstanceWithCaller(Constructor.java:499)
	at java.base/java.lang.reflect.Constructor.newInstance(Constructor.java:480)
	at org.openqa.selenium.remote.ErrorCodec.decode(ErrorCodec.java:167)
	at org.openqa.selenium.remote.codec.w3c.W3CHttpResponseCodec.decode(W3CHttpResponseCodec.java:138)
	at org.openqa.selenium.remote.codec.w3c.W3CHttpResponseCodec.decode(W3CHttpResponseCodec.java:50)
	at org.openqa.selenium.remote.HttpCommandExecutor.execute(HttpCommandExecutor.java:190)
	at org.openqa.selenium.remote.service.DriverCommandExecutor.invokeExecute(DriverCommandExecutor.java:216)
	at org.openqa.selenium.remote.service.DriverCommandExecutor.execute(DriverCommandExecutor.java:174)
	at org.openqa.selenium.remote.RemoteWebDriver.execute(RemoteWebDriver.java:519)
	at org.openqa.selenium.remote.ElementLocation$ElementFinder$2.findElement(ElementLocation.java:165)
	at org.openqa.selenium.remote.ElementLocation.findElement(ElementLocation.java:59)
	at org.openqa.selenium.remote.RemoteWebDriver.findElement(RemoteWebDriver.java:356)
	at org.openqa.selenium.remote.RemoteWebDriver.findElement(RemoteWebDriver.java:350)
	at org.openqa.selenium.support.pagefactory.DefaultElementLocator.findElement(DefaultElementLocator.java:68)
	at org.openqa.selenium.support.pagefactory.internal.LocatingElementHandler.invoke(LocatingElementHandler.java:38)
	at jdk.proxy2/jdk.proxy2.$Proxy23.isDisplayed(Unknown Source)
	at org.openqa.selenium.support.ui.ExpectedConditions.elementIfVisible(ExpectedConditions.java:304)
	at org.openqa.selenium.support.ui.ExpectedConditions$10.apply(ExpectedConditions.java:290)
	at org.openqa.selenium.support.ui.ExpectedConditions$10.apply(ExpectedConditions.java:287)
	at org.openqa.selenium.support.ui.ExpectedConditions$23.apply(ExpectedConditions.java:656)
	at org.openqa.selenium.support.ui.ExpectedConditions$23.apply(ExpectedConditions.java:652)
	at org.openqa.selenium.support.ui.FluentWait.until(FluentWait.java:203)
	at utils.WaitHelper.waitForClickable(WaitHelper.java:23)
	at utils.WaitHelper.clickWhenReady(WaitHelper.java:31)
	at pages.CartPage.clickCheckout(CartPage.java:51)
	at stepDefinitions.CheckoutSteps.theUserClicksCheckout(CheckoutSteps.java:61)
	at java.base/jdk.internal.reflect.NativeMethodAccessorImpl.invoke0(Native Method)
	at java.base/jdk.internal.reflect.NativeMethodAccessorImpl.invoke(NativeMethodAccessorImpl.java:77)
	at java.base/jdk.internal.reflect.DelegatingMethodAccessorImpl.invoke(DelegatingMethodAccessorImpl.java:43)
	at java.base/java.lang.reflect.Method.invoke(Method.java:568)
	at io.cucumber.java.Invoker.doInvoke(Invoker.java:66)
	at io.cucumber.java.Invoker.invoke(Invoker.java:24)
	at io.cucumber.java.AbstractGlueDefinition.invokeMethod(AbstractGlueDefinition.java:47)
	at io.cucumber.java.JavaStepDefinition.execute(JavaStepDefinition.java:29)
	at io.cucumber.core.runner.CoreStepDefinition.execute(CoreStepDefinition.java:66)
	at io.cucumber.core.runner.PickleStepDefinitionMatch.runStep(PickleStepDefinitionMatch.java:63)
	at io.cucumber.core.runner.ExecutionMode$1.execute(ExecutionMode.java:10)
	at io.cucumber.core.runner.TestStep.executeStep(TestStep.java:84)
	at io.cucumber.core.runner.TestStep.run(TestStep.java:56)
	at io.cucumber.core.runner.PickleStepTestStep.run(PickleStepTestStep.java:51)
	at io.cucumber.core.runner.TestCase.run(TestCase.java:84)
	at io.cucumber.core.runner.Runner.runPickle(Runner.java:75)
	at io.cucumber.testng.TestNGCucumberRunner.lambda$runScenario$1(TestNGCucumberRunner.java:132)
	at io.cucumber.core.runtime.CucumberExecutionContext.lambda$runTestCase$5(CucumberExecutionContext.java:137)
	at io.cucumber.core.runtime.RethrowingThrowableCollector.executeAndThrow(RethrowingThrowableCollector.java:23)
	at io.cucumber.core.runtime.CucumberExecutionContext.runTestCase(CucumberExecutionContext.java:137)
	at io.cucumber.testng.TestNGCucumberRunner.runScenario(TestNGCucumberRunner.java:129)
	at io.cucumber.testng.AbstractTestNGCucumberTests.runScenario(AbstractTestNGCucumberTests.java:35)
	at java.base/jdk.internal.reflect.NativeMethodAccessorImpl.invoke0(Native Method)
	at java.base/jdk.internal.reflect.NativeMethodAccessorImpl.invoke(NativeMethodAccessorImpl.java:77)
	at java.base/jdk.internal.reflect.DelegatingMethodAccessorImpl.invoke(DelegatingMethodAccessorImpl.java:43)
	at java.base/java.lang.reflect.Method.invoke(Method.java:568)
	at org.testng.internal.invokers.MethodInvocationHelper.invokeMethod(MethodInvocationHelper.java:139)
	at org.testng.internal.invokers.TestInvoker.invokeMethod(TestInvoker.java:664)
	at org.testng.internal.invokers.TestInvoker.invokeTestMethod(TestInvoker.java:228)
	at org.testng.internal.invokers.TestMethodWithDataProviderMethodWorker.call(TestMethodWithDataProviderMethodWorker.java:80)
	at java.base/java.util.concurrent.CompletableFuture$AsyncSupply.run(CompletableFuture.java:1768)
	at java.base/java.util.concurrent.ThreadPoolExecutor.runWorker(ThreadPoolExecutor.java:1136)
	at java.base/java.util.concurrent.ThreadPoolExecutor$Worker.run(ThreadPoolExecutor.java:635)
	at java.base/java.lang.Thread.run(Thread.java:842)

  And the user clicks checkout                                              # stepDefinitions.CheckoutSteps.theUserClicksCheckout()
      org.openqa.selenium.TimeoutException: Expected condition failed: waiting for element to be clickable: Proxy element for: DefaultElementLocator 'By.id: checkout' (tried for 15 second(s) with 500 milliseconds interval)
	at org.openqa.selenium.support.ui.WebDriverWait.timeoutException(WebDriverWait.java:84)
	at org.openqa.selenium.support.ui.FluentWait.until(FluentWait.java:228)
	at utils.WaitHelper.waitForClickable(WaitHelper.java:23)
	at utils.WaitHelper.clickWhenReady(WaitHelper.java:31)
	at pages.CartPage.clickCheckout(CartPage.java:51)
	at stepDefinitions.CheckoutSteps.theUserClicksCheckout(CheckoutSteps.java:61)
	at âœ½.the user clicks checkout(file:///C:/Users/manoj/IdeaProjects/SauceDemo_Framework/src/test/resources/features/ui/checkout.feature:67)
Caused by: org.openqa.selenium.NoSuchElementException: no such element: Unable to locate element: {"method":"css selector","selector":"#checkout"}
  (Session info: chrome=147.0.7727.57)
For documentation on this error, please visit: https://www.selenium.dev/documentation/webdriver/troubleshooting/errors#no-such-element-exception
Build info: version: '4.18.1', revision: 'b1d3319b48'
System info: os.name: 'Windows 11', os.arch: 'amd64', os.version: '10.0', java.version: '17.0.12'
Driver info: org.openqa.selenium.chrome.ChromeDriver
Command: [53470baf9c6332f25adda6db2c542c6c, findElement {using=id, value=checkout}]
Capabilities {acceptInsecureCerts: false, browserName: chrome, browserVersion: 147.0.7727.57, chrome: {chromedriverVersion: 147.0.7727.57 (b4f28b5637d0..., userDataDir: C:\Users\manoj\AppData\Loca...}, fedcm:accounts: true, goog:chromeOptions: {debuggerAddress: localhost:55958}, goog:processID: 17552, networkConnectionEnabled: false, pageLoadStrategy: normal, platformName: windows, proxy: Proxy(), se:cdp: ws://localhost:55958/devtoo..., se:cdpVersion: 147.0.7727.57, setWindowRect: true, strictFileInteractability: false, timeouts: {implicit: 0, pageLoad: 300000, script: 30000}, unhandledPromptBehavior: dismiss and notify, webauthn:extension:credBlob: true, webauthn:extension:largeBlob: true, webauthn:extension:minPinLength: true, webauthn:extension:prf: true, webauthn:virtualAuthenticators: true}
Session ID: 53470baf9c6332f25adda6db2c542c6c
	at java.base/jdk.internal.reflect.NativeConstructorAccessorImpl.newInstance0(Native Method)
	at java.base/jdk.internal.reflect.NativeConstructorAccessorImpl.newInstance(NativeConstructorAccessorImpl.java:77)
	at java.base/jdk.internal.reflect.DelegatingConstructorAccessorImpl.newInstance(DelegatingConstructorAccessorImpl.java:45)
	at java.base/java.lang.reflect.Constructor.newInstanceWithCaller(Constructor.java:499)
	at java.base/java.lang.reflect.Constructor.newInstance(Constructor.java:480)
	at org.openqa.selenium.remote.ErrorCodec.decode(ErrorCodec.java:167)
	at org.openqa.selenium.remote.codec.w3c.W3CHttpResponseCodec.decode(W3CHttpResponseCodec.java:138)
	at org.openqa.selenium.remote.codec.w3c.W3CHttpResponseCodec.decode(W3CHttpResponseCodec.java:50)
	at org.openqa.selenium.remote.HttpCommandExecutor.execute(HttpCommandExecutor.java:190)
	at org.openqa.selenium.remote.service.DriverCommandExecutor.invokeExecute(DriverCommandExecutor.java:216)
	at org.openqa.selenium.remote.service.DriverCommandExecutor.execute(DriverCommandExecutor.java:174)
	at org.openqa.selenium.remote.RemoteWebDriver.execute(RemoteWebDriver.java:519)
	at org.openqa.selenium.remote.ElementLocation$ElementFinder$2.findElement(ElementLocation.java:165)
	at org.openqa.selenium.remote.ElementLocation.findElement(ElementLocation.java:59)
	at org.openqa.selenium.remote.RemoteWebDriver.findElement(RemoteWebDriver.java:356)
	at org.openqa.selenium.remote.RemoteWebDriver.findElement(RemoteWebDriver.java:350)
	at org.openqa.selenium.support.pagefactory.DefaultElementLocator.findElement(DefaultElementLocator.java:68)
	at org.openqa.selenium.support.pagefactory.internal.LocatingElementHandler.invoke(LocatingElementHandler.java:38)
	at jdk.proxy2/jdk.proxy2.$Proxy23.isDisplayed(Unknown Source)
	at org.openqa.selenium.support.ui.ExpectedConditions.elementIfVisible(ExpectedConditions.java:304)
	at org.openqa.selenium.support.ui.ExpectedConditions$10.apply(ExpectedConditions.java:290)
	at org.openqa.selenium.support.ui.ExpectedConditions$10.apply(ExpectedConditions.java:287)
	at org.openqa.selenium.support.ui.ExpectedConditions$23.apply(ExpectedConditions.java:656)
	at org.openqa.selenium.support.ui.ExpectedConditions$23.apply(ExpectedConditions.java:652)
	at org.openqa.selenium.support.ui.FluentWait.until(FluentWait.java:203)
	at utils.WaitHelper.waitForClickable(WaitHelper.java:23)
	at utils.WaitHelper.clickWhenReady(WaitHelper.java:31)
	at pages.CartPage.clickCheckout(CartPage.java:51)
	at stepDefinitions.CheckoutSteps.theUserClicksCheckout(CheckoutSteps.java:61)
	at java.base/jdk.internal.reflect.NativeMethodAccessorImpl.invoke0(Native Method)
	at java.base/jdk.internal.reflect.NativeMethodAccessorImpl.invoke(NativeMethodAccessorImpl.java:77)
	at java.base/jdk.internal.reflect.DelegatingMethodAccessorImpl.invoke(DelegatingMethodAccessorImpl.java:43)
	at java.base/java.lang.reflect.Method.invoke(Method.java:568)
	at io.cucumber.java.Invoker.doInvoke(Invoker.java:66)
	at io.cucumber.java.Invoker.invoke(Invoker.java:24)
	at io.cucumber.java.AbstractGlueDefinition.invokeMethod(AbstractGlueDefinition.java:47)
	at io.cucumber.java.JavaStepDefinition.execute(JavaStepDefinition.java:29)
	at io.cucumber.core.runner.CoreStepDefinition.execute(CoreStepDefinition.java:66)
	at io.cucumber.core.runner.PickleStepDefinitionMatch.runStep(PickleStepDefinitionMatch.java:63)
	at io.cucumber.core.runner.ExecutionMode$1.execute(ExecutionMode.java:10)
	at io.cucumber.core.runner.TestStep.executeStep(TestStep.java:84)
	at io.cucumber.core.runner.TestStep.run(TestStep.java:56)
	at io.cucumber.core.runner.PickleStepTestStep.run(PickleStepTestStep.java:51)
	at io.cucumber.core.runner.TestCase.run(TestCase.java:84)
	at io.cucumber.core.runner.Runner.runPickle(Runner.java:75)
	at io.cucumber.testng.TestNGCucumberRunner.lambda$runScenario$1(TestNGCucumberRunner.java:132)
	at io.cucumber.core.runtime.CucumberExecutionContext.lambda$runTestCase$5(CucumberExecutionContext.java:137)
	at io.cucumber.core.runtime.RethrowingThrowableCollector.executeAndThrow(RethrowingThrowableCollector.java:23)
	at io.cucumber.core.runtime.CucumberExecutionContext.runTestCase(CucumberExecutionContext.java:137)
	at io.cucumber.testng.TestNGCucumberRunner.runScenario(TestNGCucumberRunner.java:129)
	at io.cucumber.testng.AbstractTestNGCucumberTests.runScenario(AbstractTestNGCucumberTests.java:35)
	at java.base/jdk.internal.reflect.NativeMethodAccessorImpl.invoke0(Native Method)
	at java.base/jdk.internal.reflect.NativeMethodAccessorImpl.invoke(NativeMethodAccessorImpl.java:77)
	at java.base/jdk.internal.reflect.DelegatingMethodAccessorImpl.invoke(DelegatingMethodAccessorImpl.java:43)
	at java.base/java.lang.reflect.Method.invoke(Method.java:568)
	at org.testng.internal.invokers.MethodInvocationHelper.invokeMethod(MethodInvocationHelper.java:139)
	at org.testng.internal.invokers.TestInvoker.invokeMethod(TestInvoker.java:664)
	at org.testng.internal.invokers.TestInvoker.invokeTestMethod(TestInvoker.java:228)
	at org.testng.internal.invokers.TestMethodWithDataProviderMethodWorker.call(TestMethodWithDataProviderMethodWorker.java:80)
	at java.base/java.util.concurrent.CompletableFuture$AsyncSupply.run(CompletableFuture.java:1768)
	at java.base/java.util.concurrent.ThreadPoolExecutor.runWorker(ThreadPoolExecutor.java:1136)
	at java.base/java.util.concurrent.ThreadPoolExecutor$Worker.run(ThreadPoolExecutor.java:635)
	at java.base/java.lang.Thread.run(Thread.java:842)

  When the user fills in checkout information with "Manoj" "Kumar" "600001" # stepDefinitions.CheckoutSteps.theUserFillsInCheckoutInformationWith(java.lang.String,java.lang.String,java.lang.String)
  And the user clicks checkout                                                   # stepDefinitions.CheckoutSteps.theUserClicksCheckout()
      org.openqa.selenium.TimeoutException: Expected condition failed: waiting for element to be clickable: Proxy element for: DefaultElementLocator 'By.id: checkout' (tried for 15 second(s) with 500 milliseconds interval)
	at org.openqa.selenium.support.ui.WebDriverWait.timeoutException(WebDriverWait.java:84)
	at org.openqa.selenium.support.ui.FluentWait.until(FluentWait.java:228)
	at utils.WaitHelper.waitForClickable(WaitHelper.java:23)
	at utils.WaitHelper.clickWhenReady(WaitHelper.java:31)
	at pages.CartPage.clickCheckout(CartPage.java:51)
	at stepDefinitions.CheckoutSteps.theUserClicksCheckout(CheckoutSteps.java:61)
	at âœ½.the user clicks checkout(file:///C:/Users/manoj/IdeaProjects/SauceDemo_Framework/src/test/resources/features/ui/checkout.feature:58)
Caused by: org.openqa.selenium.NoSuchElementException: no such element: Unable to locate element: {"method":"css selector","selector":"#checkout"}
  (Session info: chrome=147.0.7727.57)
For documentation on this error, please visit: https://www.selenium.dev/documentation/webdriver/troubleshooting/errors#no-such-element-exception
Build info: version: '4.18.1', revision: 'b1d3319b48'
System info: os.name: 'Windows 11', os.arch: 'amd64', os.version: '10.0', java.version: '17.0.12'
Driver info: org.openqa.selenium.chrome.ChromeDriver
Command: [f966c17ff493391fc3e27f3009df4f3c, findElement {using=id, value=checkout}]
Capabilities {acceptInsecureCerts: false, browserName: chrome, browserVersion: 147.0.7727.57, chrome: {chromedriverVersion: 147.0.7727.57 (b4f28b5637d0..., userDataDir: C:\Users\manoj\AppData\Loca...}, fedcm:accounts: true, goog:chromeOptions: {debuggerAddress: localhost:55960}, goog:processID: 11000, networkConnectionEnabled: false, pageLoadStrategy: normal, platformName: windows, proxy: Proxy(), se:cdp: ws://localhost:55960/devtoo..., se:cdpVersion: 147.0.7727.57, setWindowRect: true, strictFileInteractability: false, timeouts: {implicit: 0, pageLoad: 300000, script: 30000}, unhandledPromptBehavior: dismiss and notify, webauthn:extension:credBlob: true, webauthn:extension:largeBlob: true, webauthn:extension:minPinLength: true, webauthn:extension:prf: true, webauthn:virtualAuthenticators: true}
Session ID: f966c17ff493391fc3e27f3009df4f3c
	at java.base/jdk.internal.reflect.NativeConstructorAccessorImpl.newInstance0(Native Method)
	at java.base/jdk.internal.reflect.NativeConstructorAccessorImpl.newInstance(NativeConstructorAccessorImpl.java:77)
	at java.base/jdk.internal.reflect.DelegatingConstructorAccessorImpl.newInstance(DelegatingConstructorAccessorImpl.java:45)
	at java.base/java.lang.reflect.Constructor.newInstanceWithCaller(Constructor.java:499)
	at java.base/java.lang.reflect.Constructor.newInstance(Constructor.java:480)
	at org.openqa.selenium.remote.ErrorCodec.decode(ErrorCodec.java:167)
[...]
	at api.steps.ApiSteps.theResponseStatusCodeShouldBe(ApiSteps.java:147)
	at âœ½.the response status code should be 201(file:///C:/Users/manoj/IdeaProjects/SauceDemo_Framework/src/test/resources/features/api/simple_books_api.feature:50)

  Given I have a valid API access token                                 # api.steps.ApiSteps.iHaveAValidApiAccessToken()
      java.lang.RuntimeException: Failed to get access token. Status: 308 | Body: 
	at api.utils.ApiUtils.getNewAccessToken(ApiUtils.java:53)
	at api.steps.ApiSteps.iHaveAValidApiAccessToken(ApiSteps.java:25)
	at âœ½.I have a valid API access token(file:///C:/Users/manoj/IdeaProjects/SauceDemo_Framework/src/test/resources/features/api/simple_books_api.feature:55)

  And the response should contain an "accessToken"                                            # api.steps.ApiSteps.theResponseShouldContainAn(java.lang.String)
  When I submit an order for book ID 1 with customer name "Manoj Kumar" # api.steps.ApiSteps.iSubmitAnOrderForBook(int,java.lang.String)
  Then the response status code should be 201                           # api.steps.ApiSteps.theResponseStatusCodeShouldBe(int)
  And the response should contain an "orderId"                          # api.steps.ApiSteps.theResponseShouldContainAn(java.lang.String)
]]></system-out>
  </testcase>
  <testcase name="runScenario[&quot;Submit a new book order&quot;, &quot;Simple Books API - REST Assured Tests&quot;](2)" classname="runners.APITestRunner" time="0.004">
    <failure message="Failed to get access token. Status: 308 | Body: " type="java.lang.RuntimeException"><![CDATA[java.lang.RuntimeException: Failed to get access token. Status: 308 | Body: 
	at api.utils.ApiUtils.getNewAccessToken(ApiUtils.java:53)
	at api.steps.ApiSteps.iHaveAValidApiAccessToken(ApiSteps.java:25)
	at ✽.I have a valid API access token(file:///C:/Users/manoj/IdeaProjects/SauceDemo_Framework/src/test/resources/features/api/simple_books_api.feature:55)
]]></failure>
    <system-out><![CDATA[
@API @SimpleBooksAPI @API @Regression @Orders
Scenario: Get a single order by ID               # src/test/resources/features/api/simple_books_api.feature:69
]]></system-out>
  </testcase>
  <testcase name="runScenario[&quot;Register API client and get access token&quot;, &quot;Simple Books API - REST Assured Tests&quot;](3)" classname="runners.APITestRunner" time="0.156">
    <failure message="Expected status 201 but got 308. Body:  expected [201] but found [308]" type="java.lang.AssertionError"><![CDATA[java.lang.AssertionError: Expected status 201 but got 308. Body:  expected [201] but found [308]
	at org.testng.Assert.fail(Assert.java:111)
	at org.testng.Assert.failNotEquals(Assert.java:1578)
	at org.testng.Assert.assertEqualsImpl(Assert.java:150)
	at org.testng.Assert.assertEquals(Assert.java:132)
	at org.testng.Assert.assertEquals(Assert.java:1419)
	at org.testng.Assert.assertEquals(Assert.java:1383)
	at api.steps.ApiSteps.theResponseStatusCodeShouldBe(ApiSteps.java:147)
	at ✽.the response status code should be 201(file:///C:/Users/manoj/IdeaProjects/SauceDemo_Framework/src/test/resources/features/api/simple_books_api.feature:50)
]]></failure>
    <system-out><![CDATA[Request method:	POST
Request URI:	https://simple-books-api.glitch.me/api-clients
Proxy:			<none>
Request params:	<none>
Query params:	<none>
Form params:	<none>
Path params:	<none>
Headers:		Accept=*/*
				Content-Type=application/json
Cookies:		<none>
Multiparts:		<none>
Body:
{
    "clientName": "AutoTester",
    "clientEmail": "tester_1ce920be@example.com"
}
  When I send a GET request to "/books" with query param "limit" as "3" # api.steps.ApiSteps.iSendAGetRequestWithQueryParam(java.lang.String,java.lang.String,java.lang.String)
  When I send a GET request to "/status"           # api.steps.ApiSteps.iSendAGetRequestTo(java.lang.String)
  When I send a GET request to "/books" with query param "type" as "non-fiction" # api.steps.ApiSteps.iSendAGetRequestWithQueryParam(java.lang.String,java.lang.String,java.lang.String)
  When I send a GET request to "/books/9999"     # api.steps.ApiSteps.iSendAGetRequestTo(java.lang.String)
]]></system-out>
  </testcase>
  <testcase name="runScenario[&quot;Get a book with invalid ID returns 404&quot;, &quot;Simple Books API - REST Assured Tests&quot;](4)" classname="runners.APITestRunner" time="0.08">
    <system-out><![CDATA[==> Response Body: [{"id":1,"name":"The Russian","type":"fiction","available":true},{"id":3,"name":"The Vanishing Half","type":"fiction","available":true},{"id":4,"name":"The Midnight Library","type":"fiction","available":true}]
==> Response Body: [{"id":2,"name":"Just as I Am","type":"non-fiction","available":false},{"id":5,"name":"Untamed","type":"non-fiction","available":true}]
==> Response Body: {"status":"OK"}
==> Response Body: {"error":"No book with id 9999"}

@API @SimpleBooksAPI @API @Regression @Orders
Scenario: Update an existing order with PATCH                                          # src/test/resources/features/api/simple_books_api.feature:77
  When I send a GET request to "/books" with query param "type" as "fiction" # api.steps.ApiSteps.iSendAGetRequestWithQueryParam(java.lang.String,java.lang.String,java.lang.String)
  Then the response status code should be 404    # api.steps.ApiSteps.theResponseStatusCodeShouldBe(int)
  Then the response status code should be 200                                    # api.steps.ApiSteps.theResponseStatusCodeShouldBe(int)
  Then the response status code should be 200      # api.steps.ApiSteps.theResponseStatusCodeShouldBe(int)
  When I send a GET request to "/books"            # api.steps.ApiSteps.iSendAGetRequestTo(java.lang.String)
==> Response Body: [{"id":1,"name":"The Russian","type":"fiction","available":true},{"id":3,"name":"The Vanishing Half","type":"fiction","available":true},{"id":4,"name":"The Midnight Library","type":"fiction","available":true},{"id":6,"name":"Viscount Who Loved Me","type":"fiction","available":true},{"id":2,"name":"Just as I Am","type":"non-fiction","available":false},{"id":5,"name":"Untamed","type":"non-fiction","available":true}]
  Then the response status code should be 200                           # api.steps.ApiSteps.theResponseStatusCodeShouldBe(int)
  Then the response status code should be 200      # api.steps.ApiSteps.theResponseStatusCodeShouldBe(int)
==> Response Body: [{"id":1,"name":"The Russian","type":"fiction","available":true},{"id":3,"name":"The Vanishing Half","type":"fiction","available":true},{"id":4,"name":"The Midnight Library","type":"fiction","available":true},{"id":6,"name":"Viscount Who Loved Me","type":"fiction","available":true}]
  Then the response status code should be 200                                # api.steps.ApiSteps.theResponseStatusCodeShouldBe(int)

@API @SimpleBooksAPI @API @Regression @Orders
Scenario: Delete an existing order                     # src/test/resources/features/api/simple_books_api.feature:84
]]></system-out>
  </testcase>
  <testcase name="runScenario[&quot;Get a single order by ID&quot;, &quot;Simple Books API - REST Assured Tests&quot;](5)" classname="runners.APITestRunner" time="0.054">
    <failure message="Failed to get access token. Status: 308 | Body: " type="java.lang.RuntimeException"><![CDATA[java.lang.RuntimeException: Failed to get access token. Status: 308 | Body: 
	at api.utils.ApiUtils.getNewAccessToken(ApiUtils.java:53)
	at api.steps.ApiSteps.iHaveAValidApiAccessToken(ApiSteps.java:25)
	at ✽.I have a valid API access token(file:///C:/Users/manoj/IdeaProjects/SauceDemo_Framework/src/test/resources/features/api/simple_books_api.feature:70)
]]></failure>
    <system-out><![CDATA[Request method:	POST
Request URI:	https://simple-books-api.glitch.me/api-clients
Proxy:			<none>
Request params:	<none>
Query params:	<none>
Form params:	<none>
Path params:	<none>
Headers:		Accept=*/*
				Content-Type=application/json
Cookies:		<none>
Multiparts:		<none>
Body:
{
    "clientName": "AutoTester",
    "clientEmail": "tester_3bf74e87@example.com"
}
  Given I have a valid API access token          # api.steps.ApiSteps.iHaveAValidApiAccessToken()
      java.lang.RuntimeException: Failed to get access token. Status: 308 | Body: 
	at api.utils.ApiUtils.getNewAccessToken(ApiUtils.java:53)
	at api.steps.ApiSteps.iHaveAValidApiAccessToken(ApiSteps.java:25)
	at âœ½.I have a valid API access token(file:///C:/Users/manoj/IdeaProjects/SauceDemo_Framework/src/test/resources/features/api/simple_books_api.feature:70)

  And I have an existing order                   # api.steps.ApiSteps.iHaveAnExistingOrder()
  When I get the order by its ID with auth token # api.steps.ApiSteps.iGetTheOrderByItsId()
  Then the response status code should be 200    # api.steps.ApiSteps.theResponseStatusCodeShouldBe(int)
  And the response should contain "bookId"       # api.steps.ApiSteps.theResponseShouldContainKey(java.lang.String)
Request method:	POST
Request URI:	https://simple-books-api.glitch.me/api-clients
Proxy:			<none>
Request params:	<none>
Query params:	<none>
Form params:	<none>
Path params:	<none>
Headers:		Accept=*/*
				Content-Type=application/json
Cookies:		<none>
Multiparts:		<none>
Body:
{
    "clientName": "AutoTester",
    "clientEmail": "tester_62771a9e@example.com"
}
]]></system-out>
  </testcase>
  <testcase name="runScenario[&quot;Delete an existing order&quot;, &quot;Simple Books API - REST Assured Tests&quot;](6)" classname="runners.APITestRunner" time="0.696">
    <failure message="Failed to get access token. Status: 308 | Body: " type="java.lang.RuntimeException"><![CDATA[java.lang.RuntimeException: Failed to get access token. Status: 308 | Body: 
	at api.utils.ApiUtils.getNewAccessToken(ApiUtils.java:53)
	at api.steps.ApiSteps.iHaveAValidApiAccessToken(ApiSteps.java:25)
	at ✽.I have a valid API access token(file:///C:/Users/manoj/IdeaProjects/SauceDemo_Framework/src/test/resources/features/api/simple_books_api.feature:85)
]]></failure>
    <system-out><![CDATA[
@API @SimpleBooksAPI @API @Regression @Negative
Scenario: Submit order without authentication returns 401 # src/test/resources/features/api/simple_books_api.feature:92

@API @SimpleBooksAPI @API @Regression @Negative
Scenario: Submit order for unavailable book returns error             # src/test/resources/features/api/simple_books_api.feature:97
Request method:	POST
Request URI:	https://simple-books-api.glitch.me/orders
Proxy:			<none>
Request params:	<none>
Query params:	<none>
Form params:	<none>
Path params:	<none>
Headers:		Accept=*/*
				Content-Type=application/json
Cookies:		<none>
Multiparts:		<none>
Body:
{
    "bookId": 1,
    "customerName": "No Auth User"
}
  When I send a GET request to "/books/1"                        # api.steps.ApiSteps.iSendAGetRequestTo(java.lang.String)
==> Response Body: {"id":1,"entityType":"BOOK","available":true,"timestamp":1752239490804,"created":"2025-07-11T13:11:30.804Z","isbn":"1780899475","GSI1SK":"BOOK#1","name":"The Russian","current-stock":12,"GSI1PK":"TYPE#fiction","price":12.98,"PK":"BOOK#1","author":"James Patterson and James O. Born","type":"fiction","SK":"METADATA"}
  Then the response status code should be 200                    # api.steps.ApiSteps.theResponseStatusCodeShouldBe(int)
Request method:	POST
Request URI:	https://simple-books-api.glitch.me/api-clients
Proxy:			<none>
Request params:	<none>
Query params:	<none>
Form params:	<none>
Path params:	<none>
Headers:		Accept=*/*
				Content-Type=application/json
Cookies:		<none>
Multiparts:		<none>
Body:
{
    "clientName": "AutoTester",
    "clientEmail": "tester_f3e53877@example.com"
}
  Given I have a valid API access token                # api.steps.ApiSteps.iHaveAValidApiAccessToken()
      java.lang.RuntimeException: Failed to get access token. Status: 308 | Body: 
	at api.utils.ApiUtils.getNewAccessToken(ApiUtils.java:53)
	at api.steps.ApiSteps.iHaveAValidApiAccessToken(ApiSteps.java:25)
	at âœ½.I have a valid API access token(file:///C:/Users/manoj/IdeaProjects/SauceDemo_Framework/src/test/resources/features/api/simple_books_api.feature:85)

  And I have an existing order                         # api.steps.ApiSteps.iHaveAnExistingOrder()
  When I delete the order using DELETE with auth token # api.steps.ApiSteps.iDeleteTheOrder()
  Then the response status code should be 204          # api.steps.ApiSteps.theResponseStatusCodeShouldBe(int)
  And the order should no longer exist                 # api.steps.ApiSteps.theOrderShouldNoLongerExist()
  Given I have a valid API access token                                                # api.steps.ApiSteps.iHaveAValidApiAccessToken()
      java.lang.RuntimeException: Failed to get access token. Status: 308 | Body: 
	at api.utils.ApiUtils.getNewAccessToken(ApiUtils.java:53)
	at api.steps.ApiSteps.iHaveAValidApiAccessToken(ApiSteps.java:25)
	at âœ½.I have a valid API access token(file:///C:/Users/manoj/IdeaProjects/SauceDemo_Framework/src/test/resources/features/api/simple_books_api.feature:78)

  And I have an existing order                                                         # api.steps.ApiSteps.iHaveAnExistingOrder()
  When I update the order customer name to "Updated Manoj" using PATCH with auth token # api.steps.ApiSteps.iUpdateTheOrderCustomerName(java.lang.String)
  Then the response status code should be 204                                          # api.steps.ApiSteps.theResponseStatusCodeShouldBe(int)
]]></system-out>
  </testcase>
  <testcase name="runScenario[&quot;Submit order for unavailable book returns error&quot;, &quot;Simple Books API - REST Assured Tests&quot;](7)" classname="runners.APITestRunner" time="0.719">
    <failure message="Failed to get access token. Status: 308 | Body: " type="java.lang.RuntimeException"><![CDATA[java.lang.RuntimeException: Failed to get access token. Status: 308 | Body: 
	at api.utils.ApiUtils.getNewAccessToken(ApiUtils.java:53)
	at api.steps.ApiSteps.iHaveAValidApiAccessToken(ApiSteps.java:25)
	at ✽.I have a valid API access token(file:///C:/Users/manoj/IdeaProjects/SauceDemo_Framework/src/test/resources/features/api/simple_books_api.feature:98)
]]></failure>
    <system-out><![CDATA[  When I submit an order without auth token for book ID 1 # api.steps.ApiSteps.iSubmitOrderWithoutAuth(int)
==> Response Body: 
  Then the response status code should be 401             # api.steps.ApiSteps.theResponseStatusCodeShouldBe(int)
      java.lang.AssertionError: Expected status 401 but got 308. Body:  expected [401] but found [308]
	at org.testng.Assert.fail(Assert.java:111)
	at org.testng.Assert.failNotEquals(Assert.java:1578)
	at org.testng.Assert.assertEqualsImpl(Assert.java:150)
	at org.testng.Assert.assertEquals(Assert.java:132)
	at org.testng.Assert.assertEquals(Assert.java:1419)
	at org.testng.Assert.assertEquals(Assert.java:1383)
	at api.steps.ApiSteps.theResponseStatusCodeShouldBe(ApiSteps.java:147)
	at âœ½.the response status code should be 401(file:///C:/Users/manoj/IdeaProjects/SauceDemo_Framework/src/test/resources/features/api/simple_books_api.feature:94)

  Given I have a valid API access token                               # api.steps.ApiSteps.iHaveAValidApiAccessToken()
      java.lang.RuntimeException: Failed to get access token. Status: 308 | Body: 
	at api.utils.ApiUtils.getNewAccessToken(ApiUtils.java:53)
	at api.steps.ApiSteps.iHaveAValidApiAccessToken(ApiSteps.java:25)
	at âœ½.I have a valid API access token(file:///C:/Users/manoj/IdeaProjects/SauceDemo_Framework/src/test/resources/features/api/simple_books_api.feature:98)

  When I submit an order for book ID 5 with customer name "Test User" # api.steps.ApiSteps.iSubmitAnOrderForBook(int,java.lang.String)
  Then the response status code should be 404                         # api.steps.ApiSteps.theResponseStatusCodeShouldBe(int)
]]></system-out>
  </testcase>
  <testcase name="runScenario[&quot;Get list of non-fiction books only&quot;, &quot;Simple Books API - REST Assured Tests&quot;](8)" classname="runners.APITestRunner" time="0.897">
    <system-out><![CDATA[  And all returned books should have type "non-fiction"                          # api.steps.ApiSteps.allReturnedBooksShouldHaveType(java.lang.String)
]]></system-out>
  </testcase>
  <testcase name="runScenario[&quot;Submit order without authentication returns 401&quot;, &quot;Simple Books API - REST Assured Tests&quot;](10)" classname="runners.APITestRunner" time="0.931">
    <failure message="Expected status 401 but got 308. Body:  expected [401] but found [308]" type="java.lang.AssertionError"><![CDATA[java.lang.AssertionError: Expected status 401 but got 308. Body:  expected [401] but found [308]
	at org.testng.Assert.fail(Assert.java:111)
	at org.testng.Assert.failNotEquals(Assert.java:1578)
	at org.testng.Assert.assertEqualsImpl(Assert.java:150)
	at org.testng.Assert.assertEquals(Assert.java:132)
	at org.testng.Assert.assertEquals(Assert.java:1419)
	at org.testng.Assert.assertEquals(Assert.java:1383)
	at api.steps.ApiSteps.theResponseStatusCodeShouldBe(ApiSteps.java:147)
	at ✽.the response status code should be 401(file:///C:/Users/manoj/IdeaProjects/SauceDemo_Framework/src/test/resources/features/api/simple_books_api.feature:94)
]]></failure>
  </testcase>
  <testcase name="runScenario[&quot;Update an existing order with PATCH&quot;, &quot;Simple Books API - REST Assured Tests&quot;](10)" classname="runners.APITestRunner" time="0.931">
    <failure message="Failed to get access token. Status: 308 | Body: " type="java.lang.RuntimeException"><![CDATA[java.lang.RuntimeException: Failed to get access token. Status: 308 | Body: 
	at api.utils.ApiUtils.getNewAccessToken(ApiUtils.java:53)
	at api.steps.ApiSteps.iHaveAValidApiAccessToken(ApiSteps.java:25)
	at ✽.I have a valid API access token(file:///C:/Users/manoj/IdeaProjects/SauceDemo_Framework/src/test/resources/features/api/simple_books_api.feature:78)
]]></failure>
  </testcase>
  <testcase name="runScenario[&quot;Get list with limit parameter&quot;, &quot;Simple Books API - REST Assured Tests&quot;](12)" classname="runners.APITestRunner" time="1.039">
    <system-out><![CDATA[  And all returned books should have type "fiction"                          # api.steps.ApiSteps.allReturnedBooksShouldHaveType(java.lang.String)
==> Total books returned: 6
  And the response should return at most 3 books                        # api.steps.ApiSteps.theResponseShouldReturnAtMostBooks(int)
  And the response should return a list of books   # api.steps.ApiSteps.theResponseShouldReturnAListOfBooks()
]]></system-out>
  </testcase>
  <testcase name="runScenario[&quot;Get list of fiction books only&quot;, &quot;Simple Books API - REST Assured Tests&quot;](12)" classname="runners.APITestRunner" time="1.043"/>
  <testcase name="runScenario[&quot;Get list of all books&quot;, &quot;Simple Books API - REST Assured Tests&quot;](13)" classname="runners.APITestRunner" time="1.047">
    <system-out><![CDATA[  And each book should have "id" and "name" fields # api.steps.ApiSteps.eachBookShouldHaveFields(java.lang.String,java.lang.String)
]]></system-out>
  </testcase>
  <testcase name="runScenario[&quot;Verify API status is healthy&quot;, &quot;Simple Books API - REST Assured Tests&quot;](14)" classname="runners.APITestRunner" time="2.886">
    <system-out><![CDATA[  And the response body should contain field "id" with value "1" # api.steps.ApiSteps.theResponseBodyShouldContainFieldWithValue(java.lang.String,java.lang.String)
  And the response should contain "status" as "OK" # api.steps.ApiSteps.theResponseShouldContain(java.lang.String,java.lang.String)
]]></system-out>
  </testcase>
  <testcase name="runScenario[&quot;Get a single book by ID&quot;, &quot;Simple Books API - REST Assured Tests&quot;](15)" classname="runners.APITestRunner" time="2.919">
    <system-out><![CDATA[  And the response body should contain "name" field              # api.steps.ApiSteps.theResponseBodyShouldContainField(java.lang.String)
]]></system-out>
  </testcase>
</testsuite>