<?xml version="1.0" encoding="UTF-8"?>
<!-- Generated by org.testng.reporters.JUnitReportReporter -->
<testsuite hostname="Manoj" failures="2" tests="15" name="runners.APITestRunner" time="100.507" errors="6" timestamp="2026-04-21T11:59:26 IST" skipped="0">
  <testcase classname="runners.APITestRunner" name="runScenario" time="9.765"/>
  <testcase classname="runners.APITestRunner" name="runScenario" time="11.694"/>
  <testcase classname="runners.APITestRunner" name="runScenario" time="0.514">
    <error message="Failed to get access token. Status: 308 | Body: " type="java.lang.RuntimeException">
      <![CDATA[java.lang.RuntimeException: Failed to get access token. Status: 308 | Body: 
at api.utils.ApiUtils.getNewAccessToken(ApiUtils.java:53)
at api.steps.ApiSteps.iHaveAValidApiAccessToken(ApiSteps.java:25)
at ✽.I have a valid API access token(file:///C:/Users/manoj/IdeaProjects/SauceDemo_Framework/src/test/resources/features/api/simple_books_api.feature:70)
]]>
    </error>
  </testcase> <!-- runScenario -->
  <testcase classname="runners.APITestRunner" name="runScenario" time="9.775"/>
  <testcase classname="runners.APITestRunner" name="runScenario" time="0.730">
    <error message="Failed to get access token. Status: 308 | Body: " type="java.lang.RuntimeException">
      <![CDATA[java.lang.RuntimeException: Failed to get access token. Status: 308 | Body: 
at api.utils.ApiUtils.getNewAccessToken(ApiUtils.java:53)
at api.steps.ApiSteps.iHaveAValidApiAccessToken(ApiSteps.java:25)
at ✽.I have a valid API access token(file:///C:/Users/manoj/IdeaProjects/SauceDemo_Framework/src/test/resources/features/api/simple_books_api.feature:85)
]]>
    </error>
  </testcase> <!-- runScenario -->
  <testcase classname="runners.APITestRunner" name="runScenario" time="8.638"/>
  <testcase classname="runners.APITestRunner" name="runScenario" time="9.668"/>
  <testcase classname="runners.APITestRunner" name="runScenario" time="8.294">
    <error message="Failed to get access token. Status: 308 | Body: " type="java.lang.RuntimeException">
      <![CDATA[java.lang.RuntimeException: Failed to get access token. Status: 308 | Body: 
at api.utils.ApiUtils.getNewAccessToken(ApiUtils.java:53)
at api.steps.ApiSteps.iHaveAValidApiAccessToken(ApiSteps.java:25)
at ✽.I have a valid API access token(file:///C:/Users/manoj/IdeaProjects/SauceDemo_Framework/src/test/resources/features/api/simple_books_api.feature:55)
]]>
    </error>
  </testcase> <!-- runScenario -->
  <testcase classname="runners.APITestRunner" name="runScenario" time="8.189">
    <error message="Failed to get access token. Status: 308 | Body: " type="java.lang.RuntimeException">
      <![CDATA[java.lang.RuntimeException: Failed to get access token. Status: 308 | Body: 
at api.utils.ApiUtils.getNewAccessToken(ApiUtils.java:53)
at api.steps.ApiSteps.iHaveAValidApiAccessToken(ApiSteps.java:25)
at ✽.I have a valid API access token(file:///C:/Users/manoj/IdeaProjects/SauceDemo_Framework/src/test/resources/features/api/simple_books_api.feature:62)
]]>
    </error>
  </testcase> <!-- runScenario -->
  <testcase classname="runners.APITestRunner" name="runScenario" time="11.662"/>
  <testcase classname="runners.APITestRunner" name="runScenario" time="8.549">
    <failure message="Expected status 201 but got 308. Body:  expected [201] but found [308]" type="java.lang.AssertionError">
      <![CDATA[java.lang.AssertionError: Expected status 201 but got 308. Body:  expected [201] but found [308]
at org.testng.Assert.fail(Assert.java:111)
at org.testng.Assert.failNotEquals(Assert.java:1578)
at org.testng.Assert.assertEqualsImpl(Assert.java:150)
at org.testng.Assert.assertEquals(Assert.java:132)
at org.testng.Assert.assertEquals(Assert.java:1419)
at org.testng.Assert.assertEquals(Assert.java:1383)
at api.steps.ApiSteps.theResponseStatusCodeShouldBe(ApiSteps.java:147)
at ✽.the response status code should be 201(file:///C:/Users/manoj/IdeaProjects/SauceDemo_Framework/src/test/resources/features/api/simple_books_api.feature:50)
]]>
    </failure>
  </testcase> <!-- runScenario -->
  <testcase classname="runners.APITestRunner" name="runScenario" time="9.815"/>
  <testcase classname="runners.APITestRunner" name="runScenario" time="0.766">
    <error message="Failed to get access token. Status: 308 | Body: " type="java.lang.RuntimeException">
      <![CDATA[java.lang.RuntimeException: Failed to get access token. Status: 308 | Body: 
at api.utils.ApiUtils.getNewAccessToken(ApiUtils.java:53)
at api.steps.ApiSteps.iHaveAValidApiAccessToken(ApiSteps.java:25)
at ✽.I have a valid API access token(file:///C:/Users/manoj/IdeaProjects/SauceDemo_Framework/src/test/resources/features/api/simple_books_api.feature:98)
]]>
    </error>
  </testcase> <!-- runScenario -->
  <testcase classname="runners.APITestRunner" name="runScenario" time="1.063">
    <failure message="Expected status 401 but got 308. Body:  expected [401] but found [308]" type="java.lang.AssertionError">
      <![CDATA[java.lang.AssertionError: Expected status 401 but got 308. Body:  expected [401] but found [308]
at org.testng.Assert.fail(Assert.java:111)
at org.testng.Assert.failNotEquals(Assert.java:1578)
at org.testng.Assert.assertEqualsImpl(Assert.java:150)
at org.testng.Assert.assertEquals(Assert.java:132)
at org.testng.Assert.assertEquals(Assert.java:1419)
at org.testng.Assert.assertEquals(Assert.java:1383)
at api.steps.ApiSteps.theResponseStatusCodeShouldBe(ApiSteps.java:147)
at ✽.the response status code should be 401(file:///C:/Users/manoj/IdeaProjects/SauceDemo_Framework/src/test/resources/features/api/simple_books_api.feature:94)
]]>
    </failure>
  </testcase> <!-- runScenario -->
  <testcase classname="runners.APITestRunner" name="runScenario" time="1.385">
    <error message="Failed to get access token. Status: 308 | Body: " type="java.lang.RuntimeException">
      <![CDATA[java.lang.RuntimeException: Failed to get access token. Status: 308 | Body: 
at api.utils.ApiUtils.getNewAccessToken(ApiUtils.java:53)
at api.steps.ApiSteps.iHaveAValidApiAccessToken(ApiSteps.java:25)
at ✽.I have a valid API access token(file:///C:/Users/manoj/IdeaProjects/SauceDemo_Framework/src/test/resources/features/api/simple_books_api.feature:78)
]]>
    </error>
  </testcase> <!-- runScenario -->
</testsuite> <!-- runners.APITestRunner -->
